This is pdfTeX, Version 3.1415926-2.5-1.40.14 (TeX Live 2013) (format=pdflatex 2013.5.30)  21 JAN 2015 22:14
entering extended mode
 restricted \write18 enabled.
 %&-line parsing enabled.
**ms
(./ms.tex
LaTeX2e <2011/06/27>
Babel <3.9f> and hyphenation patterns for 78 languages loaded.
(/usr/local/texlive/2013/texmf-dist/tex/latex/emulateapj/emulateapj.cls
Document Class: emulateapj 
\bibbaselineskip=\skip41
(/usr/local/texlive/2013/texmf-dist/tex/latex/revtex/revtex4-1.cls
Document Class: revtex4-1 2010/07/25/20:33:00 4.1r (http://publish.aps.org/revt
ex4/ for documentation)
 Copyright (c) 2009 The American Physical Society.
 mailto:revtex@aps.org
 Licensed under the LPPL:
http://www.ctan.org/tex-archive/macros/latex/base/lppl.txt
 Arthur Ogawa <arthur_ogawa at sbcglobal dot net>
 Based on work by David Carlisle <david at dcarlisle.demon.co.uk>.
ltxutil[2010/07/25/20:33:00 4.1r utilities package (portions licensed from W. E
. Baxter web at superscript.com)]
LaTeX Info: Redefining \@centercr on input line 308.
Class revtex4-1 Info: Repairing broken LaTeX eqnarray on input line 358.
\eqncolsep=\skip42
Class revtex4-1 Info: Repairing hyperref-unfriendly LaTeX definition of \mpfoot
note on input line 433.
Class revtex4-1 Info: Repairing broken LateX \@sect on input line 755.
\intertabularlinepenalty=\count79
\@tbpen=\count80
\@arstrutbox@hline=\box26
Class revtex4-1 Info: Repairing broken LaTeX \@xbitor on input line 1786.
Class revtex4-1 Info: Making \typeout \long on input line 2046.
ltxfront[2010/07/25/20:33:00 4.1r frontmatter package (AO,DPC)]
\c@affil=\count81
\c@collab=\count82
\absbox=\box27
ltxgrid[2010/07/25/20:33:00 4.1r page grid package (portions licensed from W. E
. Baxter web at superscript.com)]
\c@linecount=\count83
\output@latex=\toks14
\box@size@1=\box28
\box@size@2=\box29
\@protection@box=\box30
\@topmark@saved=\toks15
\footins@saved=\box31
\footins@recovered=\box32
\column@recovered=\box33
\pagesofar=\box34
\footsofar=\box35
\pagegrid@col=\count84
Class revtex4-1 Info: Overriding \@vspace, \@vspacer, \@no@pgbk, \@newline, and
 \\  on input line 5578.
\c@part=\count85
\c@section=\count86
\c@subsection=\count87
\c@subsubsection=\count88
\c@paragraph=\count89
\c@subparagraph=\count90
\abovecaptionskip=\skip43
\belowcaptionskip=\skip44
\c@figure=\count91
\fbox@1=\box36
\c@table=\count92
\fbox@2=\box37
\c@video=\count93
\fbox@4=\box38
\@bibdataout=\write3
\widetext@top=\box39
\widetext@bot=\box40

Class revtex4-1 Warning: No Society specified, using default society aps.

(/usr/local/texlive/2013/texmf-dist/tex/latex/revtex/aps4-1.rtx
File: aps4-1 2010/07/25/20:33:00 4.1r (http://publish.aps.org/revtex4/ for docu
mentation)
Class revtex4-1 Info: RevTeX society APS selected on input line 31.
)

Class revtex4-1 Warning: No journal specified, using default pra.

Class revtex4-1 Info: APS journal PRA selected on input line 7545.

Class revtex4-1 Warning: No type size specified, using default 10.

(/usr/local/texlive/2013/texmf-dist/tex/latex/revtex/aps10pt4-1.rtx
File: aps10pt4-1 2010/07/25/20:33:00 4.1r (http://publish.aps.org/revtex4/ for 
documentation)
Class revtex4-1 Info: RevTeX pointsize 10pt selected on input line 30.
)
(/usr/local/texlive/2013/texmf-dist/tex/latex/textcase/textcase.sty
Package: textcase 2004/10/07 v0.07 Text only upper/lower case changing (DPC)
)
(/usr/local/texlive/2013/texmf-dist/tex/latex/url/url.sty
\Urlmuskip=\muskip10
Package: url 2006/04/12  ver 3.3  Verb mode for urls, etc.
)
(/Users/rbussman/Library/texmf/tex/latex/aastex52/natbib.sty
Package: natbib 2003/06/06 7.1 (PWD)
\bibhang=\skip45
\bibsep=\skip46
LaTeX Info: Redefining \cite on input line 518.
\c@NAT@ctr=\count94
)

LaTeX Warning: You have requested, on input line 7549, version
               `2009/11/07 8.31a (PWD, AO)' of package natbib,
               but only version
               `2003/06/06 7.1 (PWD)'
               is available.

(/usr/local/texlive/2013/texmf-dist/tex/latex/revtex/revsymb4-1.sty
Package: revsymb4-1 2010/07/25/20:33:00 4.1r (http://publish.aps.org/revtex4/ f
or documentation)
LaTeX Info: Redefining \REV@mathfrak on input line 119.
))
(/usr/local/texlive/2013/texmf-dist/tex/latex/base/latexsym.sty
Package: latexsym 1998/08/17 v2.2e Standard LaTeX package (lasy symbols)
\symlasy=\mathgroup4
LaTeX Font Info:    Overwriting symbol font `lasy' in version `bold'
(Font)                  U/lasy/m/n --> U/lasy/b/n on input line 47.
)
(/usr/local/texlive/2013/texmf-dist/tex/latex/graphics/graphicx.sty
Package: graphicx 1999/02/16 v1.0f Enhanced LaTeX Graphics (DPC,SPQR)

(/usr/local/texlive/2013/texmf-dist/tex/latex/graphics/keyval.sty
Package: keyval 1999/03/16 v1.13 key=value parser (DPC)
\KV@toks@=\toks16
)
(/usr/local/texlive/2013/texmf-dist/tex/latex/graphics/graphics.sty
Package: graphics 2009/02/05 v1.0o Standard LaTeX Graphics (DPC,SPQR)

(/usr/local/texlive/2013/texmf-dist/tex/latex/graphics/trig.sty
Package: trig 1999/03/16 v1.09 sin cos tan (DPC)
)
(/usr/local/texlive/2013/texmf-dist/tex/latex/latexconfig/graphics.cfg
File: graphics.cfg 2010/04/23 v1.9 graphics configuration of TeX Live
)
Package graphics Info: Driver file: pdftex.def on input line 91.

(/usr/local/texlive/2013/texmf-dist/tex/latex/pdftex-def/pdftex.def
File: pdftex.def 2011/05/27 v0.06d Graphics/color for pdfTeX

(/usr/local/texlive/2013/texmf-dist/tex/generic/oberdiek/infwarerr.sty
Package: infwarerr 2010/04/08 v1.3 Providing info/warning/error messages (HO)
)
(/usr/local/texlive/2013/texmf-dist/tex/generic/oberdiek/ltxcmds.sty
Package: ltxcmds 2011/11/09 v1.22 LaTeX kernel commands for general use (HO)
)
\Gread@gobject=\count95
))
\Gin@req@height=\dimen102
\Gin@req@width=\dimen103
)
(/usr/local/texlive/2013/texmf-dist/tex/latex/amsfonts/amssymb.sty
Package: amssymb 2013/01/14 v3.01 AMS font symbols

(/usr/local/texlive/2013/texmf-dist/tex/latex/amsfonts/amsfonts.sty
Package: amsfonts 2013/01/14 v3.01 Basic AMSFonts support
\@emptytoks=\toks17
\symAMSa=\mathgroup5
\symAMSb=\mathgroup6
LaTeX Font Info:    Overwriting math alphabet `\mathfrak' in version `bold'
(Font)                  U/euf/m/n --> U/euf/b/n on input line 106.
LaTeX Info: Redefining \frak on input line 111.
LaTeX Info: Redefining \Bbb on input line 113.
))
(/usr/local/texlive/2013/texmf-dist/tex/latex/tools/longtable.sty
Package: longtable 2004/02/01 v4.11 Multi-page Table package (DPC)
\LTleft=\skip47
\LTright=\skip48
\LTpre=\skip49
\LTpost=\skip50
\LTchunksize=\count96
\LTcapwidth=\dimen104
\LT@head=\box41
\LT@firsthead=\box42
\LT@foot=\box43
\LT@lastfoot=\box44
\LT@cols=\count97
\LT@rows=\count98
\c@LT@tables=\count99
\c@LT@chunks=\count100
\LT@p@ftn=\toks18
)
(/usr/local/texlive/2013/texmf-dist/tex/generic/epsf/epsf.sty
This is `epsf.tex' v2.7.4 <14 February 2011>
\epsffilein=\read1
\epsfframemargin=\dimen105
\epsfframethickness=\dimen106
\epsfrsize=\dimen107
\epsftmp=\dimen108
\epsftsize=\dimen109
\epsfxsize=\dimen110
\epsfysize=\dimen111
\pspoints=\dimen112
)
\c@front@matter@foot@note=\count101
\alt@affil@toks=\toks19
\alt@affil@toks@count=\toks20
\keys@width=\skip51
\c@lastfootnote=\count102
\c@remember@figure@num=\count103
\c@remember@table@num=\count104
\bibindent=\dimen113
\plot@width=\skip52
\c@table@save=\count105
\table@note@skip=\skip53
\deluxe@table@width=\skip54
\@d@t@a=\skip55
\c@deluxe@table@num=\count106
\abovedeluxetableskip=\skip56
\belowdeluxetableskip=\skip57
\lastrowheight=\dimen114
\DT@p@ftn=\toks21
\pt@column=\count107
\pt@ncol=\count108
)
Class revtex4-1 Info: Patching LaTeX tabular. on input line 29.
Class revtex4-1 Info: Patching longtable package on input line 29.
Class revtex4-1 Info: Robustifying \LaTeX's \boldmath command on input line 29.

Class revtex4-1 Info: cite was not loaded (OK!) on input line 29.
Class revtex4-1 Info: mcite was not loaded (OK!) on input line 29.
Class revtex4-1 Info: multicol was not loaded (OK!) on input line 29.
 (./ms.aux)
\openout1 = `ms.aux'.

LaTeX Font Info:    Checking defaults for OML/cmm/m/it on input line 29.
LaTeX Font Info:    ... okay on input line 29.
LaTeX Font Info:    Checking defaults for T1/cmr/m/n on input line 29.
LaTeX Font Info:    ... okay on input line 29.
LaTeX Font Info:    Checking defaults for OT1/cmr/m/n on input line 29.
LaTeX Font Info:    ... okay on input line 29.
LaTeX Font Info:    Checking defaults for OMS/cmsy/m/n on input line 29.
LaTeX Font Info:    ... okay on input line 29.
LaTeX Font Info:    Checking defaults for OMX/cmex/m/n on input line 29.
LaTeX Font Info:    ... okay on input line 29.
LaTeX Font Info:    Checking defaults for U/cmr/m/n on input line 29.
LaTeX Font Info:    ... okay on input line 29.

(/usr/local/texlive/2013/texmf-dist/tex/context/base/supp-pdf.mkii
[Loading MPS to PDF converter (version 2006.09.02).]
\scratchcounter=\count109
\scratchdimen=\dimen115
\scratchbox=\box45
\nofMPsegments=\count110
\nofMParguments=\count111
\everyMPshowfont=\toks22
\MPscratchCnt=\count112
\MPscratchDim=\dimen116
\MPnumerator=\count113
\makeMPintoPDFobject=\count114
\everyMPtoPDFconversion=\toks23
) (/usr/local/texlive/2013/texmf-dist/tex/generic/oberdiek/pdftexcmds.sty
Package: pdftexcmds 2011/11/29 v0.20 Utility functions of pdfTeX for LuaTeX (HO
)

(/usr/local/texlive/2013/texmf-dist/tex/generic/oberdiek/ifluatex.sty
Package: ifluatex 2010/03/01 v1.3 Provides the ifluatex switch (HO)
Package ifluatex Info: LuaTeX not detected.
)
(/usr/local/texlive/2013/texmf-dist/tex/generic/oberdiek/ifpdf.sty
Package: ifpdf 2011/01/30 v2.3 Provides the ifpdf switch (HO)
Package ifpdf Info: pdfTeX in PDF mode is detected.
)
Package pdftexcmds Info: LuaTeX not detected.
Package pdftexcmds Info: \pdf@primitive is available.
Package pdftexcmds Info: \pdf@ifprimitive is available.
Package pdftexcmds Info: \pdfdraftmode found.
)
(/usr/local/texlive/2013/texmf-dist/tex/latex/oberdiek/epstopdf-base.sty
Package: epstopdf-base 2010/02/09 v2.5 Base part for package epstopdf

(/usr/local/texlive/2013/texmf-dist/tex/latex/oberdiek/grfext.sty
Package: grfext 2010/08/19 v1.1 Manage graphics extensions (HO)

(/usr/local/texlive/2013/texmf-dist/tex/generic/oberdiek/kvdefinekeys.sty
Package: kvdefinekeys 2011/04/07 v1.3 Define keys (HO)
))
(/usr/local/texlive/2013/texmf-dist/tex/latex/oberdiek/kvoptions.sty
Package: kvoptions 2011/06/30 v3.11 Key value format for package options (HO)

(/usr/local/texlive/2013/texmf-dist/tex/generic/oberdiek/kvsetkeys.sty
Package: kvsetkeys 2012/04/25 v1.16 Key value parser (HO)

(/usr/local/texlive/2013/texmf-dist/tex/generic/oberdiek/etexcmds.sty
Package: etexcmds 2011/02/16 v1.5 Avoid name clashes with e-TeX commands (HO)
Package etexcmds Info: Could not find \expanded.
(etexcmds)             That can mean that you are not using pdfTeX 1.50 or
(etexcmds)             that some package has redefined \expanded.
(etexcmds)             In the latter case, load this package earlier.
)))
Package grfext Info: Graphics extension search list:
(grfext)             [.png,.pdf,.jpg,.mps,.jpeg,.jbig2,.jb2,.PNG,.PDF,.JPG,.JPE
G,.JBIG2,.JB2,.eps]
(grfext)             \AppendGraphicsExtensions on input line 452.

(/usr/local/texlive/2013/texmf-dist/tex/latex/latexconfig/epstopdf-sys.cfg
File: epstopdf-sys.cfg 2010/07/13 v1.3 Configuration of (r)epstopdf for TeX Liv
e
))
\openout3 = `msNotes.bib'.

LaTeX Font Info:    Try loading font information for U+lasy on input line 82.

(/usr/local/texlive/2013/texmf-dist/tex/latex/base/ulasy.fd
File: ulasy.fd 1998/08/17 v2.2e LaTeX symbol font definitions
)
LaTeX Font Info:    Try loading font information for U+msa on input line 82.

(/usr/local/texlive/2013/texmf-dist/tex/latex/amsfonts/umsa.fd
File: umsa.fd 2013/01/14 v3.01 AMS symbols A
)
LaTeX Font Info:    Try loading font information for U+msb on input line 82.

(/usr/local/texlive/2013/texmf-dist/tex/latex/amsfonts/umsb.fd
File: umsb.fd 2013/01/14 v3.01 AMS symbols B
)

Class revtex4-1 Warning: Assuming \noaffiliation for authors.


Underfull \hbox (badness 1122) in paragraph at lines 115--115
 | $[]$| \OT1/cmr/m/n/8 De-parte-ment de Physique, Ecole Nor-male Sup erieure,
 []


Underfull \hbox (badness 1184) in paragraph at lines 115--115
 | $[]$| \OT1/cmr/m/n/8 In-sti-tute for Com-pu-ta-tional Cos-mol-ogy, De-part-m
ent of
 []


Underfull \hbox (badness 5563) in paragraph at lines 115--115
 | $[]$| \OT1/cmr/m/n/8 Jet Propul-sion Lab-o-ra-tory, 4800 Oak Grove Drive,
 []

[1{/usr/local/texlive/2013/texmf-var/fonts/map/pdftex/updmap/pdftex.map}]
Underfull \hbox (badness 10000) in paragraph at lines 161--176
[]\OT1/cmr/m/n/10 We here present At-a-cama Large Mil-lime-
 []


Underfull \hbox (badness 2591) in paragraph at lines 161--176
\OT1/cmr/m/n/10 ter/submillimeter Ar-ray (ALMA) Cy-cle 0 imag-ing
 []


Underfull \hbox (badness 2644) in paragraph at lines 177--181
\OT1/cmr/m/n/10 com-ple-ment our ex-ist-ing ar-ray of an-cil-lary multi-
 []

<../Figures/spirecolflux.pdf, id=18, 361.35pt x 252.945pt>
File: ../Figures/spirecolflux.pdf Graphic file (type pdf)

<use ../Figures/spirecolflux.pdf>
Package pdftex.def Info: ../Figures/spirecolflux.pdf used on input line 249.
(pdftex.def)             Requested size: 245.26653pt x 171.68768pt.
 [2]

LaTeX Warning: A float is stuck (cannot be placed) on input line 310.


LaTeX Warning: A float is stuck (cannot be placed) on input line 310.


Class revtex4-1 Warning: Deferred float stuck during \clearpage processing.


Underfull \hbox (badness 4981) in paragraph at lines 365--379
[]\OT1/cmr/m/n/10 Optical imag-ing ob-ser-va-tions us-ing the Gem-ini
 []


Underfull \hbox (badness 10000) in paragraph at lines 365--379
\OT1/cmr/m/n/10 Multi-Object Spectrograph-South (GMOS-S; Hook
 []


Underfull \hbox (badness 2600) in paragraph at lines 365--379
\OT1/cmr/m/n/10 thanks to the ex-ten-sive Her-MES multi-wavelength
 []


Underfull \hbox (badness 1454) in paragraph at lines 365--379
\OT1/cmr/m/n/10 pro-gram. The re-main-ing tar-gets are: HADFS03,
 []


Underfull \hbox (badness 10000) in paragraph at lines 365--379
\OT1/cmr/m/n/10 HADFS08, HADFS09, HADFS10, HADFS02,
 []


Underfull \hbox (badness 10000) in paragraph at lines 365--379
\OT1/cmr/m/n/10 HADFS04, HADFS01, HADFS11, HELAISS02,
 []

[3 <../Figures/spirecolflux.pdf>] (./table_positions.tex
Overfull \vbox (3.59006pt too high) has occurred while \output is active []


[4])
Overfull \hbox (6.58241pt too wide) in paragraph at lines 138--394
[]$[]$
 []


Underfull \hbox (badness 10000) in paragraph at lines 138--394

 []

<../Figures/overlays/HELAISS02_870_250.pdf, id=11918, 469.755pt x 397.485pt>
File: ../Figures/overlays/HELAISS02_870_250.pdf Graphic file (type pdf)

<use ../Figures/overlays/HELAISS02_870_250.pdf>
Package pdftex.def Info: ../Figures/overlays/HELAISS02_870_250.pdf used on inpu
t line 399.
(pdftex.def)             Requested size: 169.83861pt x 143.70706pt.

<../Figures/overlays/HXMM02_870_250.pdf, id=11919, 469.755pt x 397.485pt>
File: ../Figures/overlays/HXMM02_870_250.pdf Graphic file (type pdf)

<use ../Figures/overlays/HXMM02_870_250.pdf>
Package pdftex.def Info: ../Figures/overlays/HXMM02_870_250.pdf used on input l
ine 400.
(pdftex.def)             Requested size: 169.83861pt x 143.70706pt.

<../Figures/overlays/HXMM31_870_250.pdf, id=11920, 469.755pt x 397.485pt>
File: ../Figures/overlays/HXMM31_870_250.pdf Graphic file (type pdf)

<use ../Figures/overlays/HXMM31_870_250.pdf>
Package pdftex.def Info: ../Figures/overlays/HXMM31_870_250.pdf used on input l
ine 401.
(pdftex.def)             Requested size: 169.83861pt x 143.70706pt.

<../Figures/overlays/HXMM29_870_250.pdf, id=11921, 469.755pt x 397.485pt>
File: ../Figures/overlays/HXMM29_870_250.pdf Graphic file (type pdf)

<use ../Figures/overlays/HXMM29_870_250.pdf>
Package pdftex.def Info: ../Figures/overlays/HXMM29_870_250.pdf used on input l
ine 402.
(pdftex.def)             Requested size: 169.83861pt x 143.70706pt.

<../Figures/overlays/HXMM07_870_250.pdf, id=11922, 469.755pt x 397.485pt>
File: ../Figures/overlays/HXMM07_870_250.pdf Graphic file (type pdf)

<use ../Figures/overlays/HXMM07_870_250.pdf>
Package pdftex.def Info: ../Figures/overlays/HXMM07_870_250.pdf used on input l
ine 403.
(pdftex.def)             Requested size: 169.83861pt x 143.70706pt.

<../Figures/overlays/HXMM20_870_250.pdf, id=11923, 469.755pt x 397.485pt>
File: ../Figures/overlays/HXMM20_870_250.pdf Graphic file (type pdf)

<use ../Figures/overlays/HXMM20_870_250.pdf>
Package pdftex.def Info: ../Figures/overlays/HXMM20_870_250.pdf used on input l
ine 404.
(pdftex.def)             Requested size: 169.83861pt x 143.70706pt.

<../Figures/overlays/HXMM01_870_250.pdf, id=11924, 469.755pt x 397.485pt>
File: ../Figures/overlays/HXMM01_870_250.pdf Graphic file (type pdf)

<use ../Figures/overlays/HXMM01_870_250.pdf>
Package pdftex.def Info: ../Figures/overlays/HXMM01_870_250.pdf used on input l
ine 405.
(pdftex.def)             Requested size: 169.83861pt x 143.70706pt.

<../Figures/overlays/HXMM04_870_250.pdf, id=11925, 469.755pt x 397.485pt>
File: ../Figures/overlays/HXMM04_870_250.pdf Graphic file (type pdf)

<use ../Figures/overlays/HXMM04_870_250.pdf>
Package pdftex.def Info: ../Figures/overlays/HXMM04_870_250.pdf used on input l
ine 406.
(pdftex.def)             Requested size: 169.83861pt x 143.70706pt.

<../Figures/overlays/HXMM09_870_250.pdf, id=11926, 469.755pt x 397.485pt>
File: ../Figures/overlays/HXMM09_870_250.pdf Graphic file (type pdf)

<use ../Figures/overlays/HXMM09_870_250.pdf>
Package pdftex.def Info: ../Figures/overlays/HXMM09_870_250.pdf used on input l
ine 407.
(pdftex.def)             Requested size: 169.83861pt x 143.70706pt.

<../Figures/overlays/HXMM03_870_250.pdf, id=11927, 469.755pt x 397.485pt>
File: ../Figures/overlays/HXMM03_870_250.pdf Graphic file (type pdf)

<use ../Figures/overlays/HXMM03_870_250.pdf>
Package pdftex.def Info: ../Figures/overlays/HXMM03_870_250.pdf used on input l
ine 408.
(pdftex.def)             Requested size: 169.83861pt x 143.70706pt.

<../Figures/overlays/HXMM11_870_250.pdf, id=11928, 469.755pt x 397.485pt>
File: ../Figures/overlays/HXMM11_870_250.pdf Graphic file (type pdf)

<use ../Figures/overlays/HXMM11_870_250.pdf>
Package pdftex.def Info: ../Figures/overlays/HXMM11_870_250.pdf used on input l
ine 409.
(pdftex.def)             Requested size: 169.83861pt x 143.70706pt.

<../Figures/overlays/HXMM23_870_250.pdf, id=11929, 469.755pt x 397.485pt>
File: ../Figures/overlays/HXMM23_870_250.pdf Graphic file (type pdf)

<use ../Figures/overlays/HXMM23_870_250.pdf>
Package pdftex.def Info: ../Figures/overlays/HXMM23_870_250.pdf used on input l
ine 410.
(pdftex.def)             Requested size: 169.83861pt x 143.70706pt.

Underfull \hbox (badness 10000) in paragraph at lines 399--412

 []

<../Figures/overlays/HXMM22_870_250.pdf, id=11930, 469.755pt x 397.485pt>
File: ../Figures/overlays/HXMM22_870_250.pdf Graphic file (type pdf)

<use ../Figures/overlays/HXMM22_870_250.pdf>
Package pdftex.def Info: ../Figures/overlays/HXMM22_870_250.pdf used on input l
ine 427.
(pdftex.def)             Requested size: 169.83861pt x 143.70706pt.

<../Figures/overlays/HXMM05_870_250.pdf, id=11931, 469.755pt x 397.485pt>
File: ../Figures/overlays/HXMM05_870_250.pdf Graphic file (type pdf)

<use ../Figures/overlays/HXMM05_870_250.pdf>
Package pdftex.def Info: ../Figures/overlays/HXMM05_870_250.pdf used on input l
ine 428.
(pdftex.def)             Requested size: 169.83861pt x 143.70706pt.

<../Figures/overlays/HXMM30_870_250.pdf, id=11932, 469.755pt x 397.485pt>
File: ../Figures/overlays/HXMM30_870_250.pdf Graphic file (type pdf)

<use ../Figures/overlays/HXMM30_870_250.pdf>
Package pdftex.def Info: ../Figures/overlays/HXMM30_870_250.pdf used on input l
ine 429.
(pdftex.def)             Requested size: 169.83861pt x 143.70706pt.

<../Figures/overlays/HXMM12_870_250.pdf, id=11933, 469.755pt x 397.485pt>
File: ../Figures/overlays/HXMM12_870_250.pdf Graphic file (type pdf)

<use ../Figures/overlays/HXMM12_870_250.pdf>
Package pdftex.def Info: ../Figures/overlays/HXMM12_870_250.pdf used on input l
ine 430.
(pdftex.def)             Requested size: 169.83861pt x 143.70706pt.

<../Figures/overlays/HECDFS12_870_500.pdf, id=11934, 469.755pt x 397.485pt>
File: ../Figures/overlays/HECDFS12_870_500.pdf Graphic file (type pdf)

<use ../Figures/overlays/HECDFS12_870_500.pdf>
Package pdftex.def Info: ../Figures/overlays/HECDFS12_870_500.pdf used on input
 line 431.
(pdftex.def)             Requested size: 169.83861pt x 143.70706pt.

<../Figures/overlays/HECDFS04_870_500.pdf, id=11935, 469.755pt x 397.485pt>
File: ../Figures/overlays/HECDFS04_870_500.pdf Graphic file (type pdf)

<use ../Figures/overlays/HECDFS04_870_500.pdf>
Package pdftex.def Info: ../Figures/overlays/HECDFS04_870_500.pdf used on input
 line 432.
(pdftex.def)             Requested size: 169.83861pt x 143.70706pt.

<../Figures/overlays/HECDFS13_870_250.pdf, id=11936, 469.755pt x 397.485pt>
File: ../Figures/overlays/HECDFS13_870_250.pdf Graphic file (type pdf)

<use ../Figures/overlays/HECDFS13_870_250.pdf>
Package pdftex.def Info: ../Figures/overlays/HECDFS13_870_250.pdf used on input
 line 433.
(pdftex.def)             Requested size: 169.83861pt x 143.70706pt.

<../Figures/overlays/HADFS04_870_250.pdf, id=11937, 469.755pt x 397.485pt>
File: ../Figures/overlays/HADFS04_870_250.pdf Graphic file (type pdf)

<use ../Figures/overlays/HADFS04_870_250.pdf>
Package pdftex.def Info: ../Figures/overlays/HADFS04_870_250.pdf used on input 
line 434.
(pdftex.def)             Requested size: 169.83861pt x 143.70706pt.

<../Figures/overlays/HADFS02_870_250.pdf, id=11938, 469.755pt x 397.485pt>
File: ../Figures/overlays/HADFS02_870_250.pdf Graphic file (type pdf)

<use ../Figures/overlays/HADFS02_870_250.pdf>
Package pdftex.def Info: ../Figures/overlays/HADFS02_870_250.pdf used on input 
line 435.
(pdftex.def)             Requested size: 169.83861pt x 143.70706pt.

<../Figures/overlays/HADFS11_870_500.pdf, id=11939, 469.755pt x 397.485pt>
File: ../Figures/overlays/HADFS11_870_500.pdf Graphic file (type pdf)

<use ../Figures/overlays/HADFS11_870_500.pdf>
Package pdftex.def Info: ../Figures/overlays/HADFS11_870_500.pdf used on input 
line 436.
(pdftex.def)             Requested size: 169.83861pt x 143.70706pt.

<../Figures/overlays/HADFS10_870_250.pdf, id=11940, 469.755pt x 397.485pt>
File: ../Figures/overlays/HADFS10_870_250.pdf Graphic file (type pdf)

<use ../Figures/overlays/HADFS10_870_250.pdf>
Package pdftex.def Info: ../Figures/overlays/HADFS10_870_250.pdf used on input 
line 437.
(pdftex.def)             Requested size: 169.83861pt x 143.70706pt.

<../Figures/overlays/HADFS01_870_250.pdf, id=11941, 469.755pt x 397.485pt>
File: ../Figures/overlays/HADFS01_870_250.pdf Graphic file (type pdf)

<use ../Figures/overlays/HADFS01_870_250.pdf>
Package pdftex.def Info: ../Figures/overlays/HADFS01_870_250.pdf used on input 
line 438.
(pdftex.def)             Requested size: 169.83861pt x 143.70706pt.

Underfull \hbox (badness 10000) in paragraph at lines 427--440

 []

<../Figures/overlays/HADFS09_870_250.pdf, id=11942, 469.755pt x 397.485pt>
File: ../Figures/overlays/HADFS09_870_250.pdf Graphic file (type pdf)

<use ../Figures/overlays/HADFS09_870_250.pdf>
Package pdftex.def Info: ../Figures/overlays/HADFS09_870_250.pdf used on input 
line 448.
(pdftex.def)             Requested size: 169.83861pt x 143.70706pt.

<../Figures/overlays/HADFS08_870_250.pdf, id=11943, 469.755pt x 397.485pt>
File: ../Figures/overlays/HADFS08_870_250.pdf Graphic file (type pdf)

<use ../Figures/overlays/HADFS08_870_250.pdf>
Package pdftex.def Info: ../Figures/overlays/HADFS08_870_250.pdf used on input 
line 449.
(pdftex.def)             Requested size: 169.83861pt x 143.70706pt.

<../Figures/overlays/HADFS03_870_250.pdf, id=11944, 469.755pt x 397.485pt>
File: ../Figures/overlays/HADFS03_870_250.pdf Graphic file (type pdf)

<use ../Figures/overlays/HADFS03_870_250.pdf>
Package pdftex.def Info: ../Figures/overlays/HADFS03_870_250.pdf used on input 
line 450.
(pdftex.def)             Requested size: 169.83861pt x 143.70706pt.

<../Figures/overlays/HCOSMOS02_870_250.pdf, id=11945, 469.755pt x 397.485pt>
File: ../Figures/overlays/HCOSMOS02_870_250.pdf Graphic file (type pdf)

<use ../Figures/overlays/HCOSMOS02_870_250.pdf>
Package pdftex.def Info: ../Figures/overlays/HCOSMOS02_870_250.pdf used on inpu
t line 451.
(pdftex.def)             Requested size: 169.83861pt x 143.70706pt.

<../Figures/overlays/HCOSMOS01_870_250.pdf, id=11946, 469.755pt x 397.485pt>
File: ../Figures/overlays/HCOSMOS01_870_250.pdf Graphic file (type pdf)

<use ../Figures/overlays/HCOSMOS01_870_250.pdf>
Package pdftex.def Info: ../Figures/overlays/HCOSMOS01_870_250.pdf used on inpu
t line 452.
(pdftex.def)             Requested size: 169.83861pt x 143.70706pt.

Underfull \hbox (badness 1210) in paragraph at lines 466--480
[]\OT1/cmr/m/n/10 An in-ter-fer-om-e-ter mea-sures vis-i-bil-i-ties at dis-cret
e
 []

[5] [6 <../Figures/overlays/HELAISS02_870_250.pdf> <../Figures/overlays/HXMM02_
870_250.pdf

pdfTeX warning: pdflatex (file ../Figures/overlays/HXMM02_870_250.pdf): PDF inc
lusion: multiple pdfs with page group included in a single page
> <../Figures/overlays/HXMM31_870_250.pdf

pdfTeX warning: pdflatex (file ../Figures/overlays/HXMM31_870_250.pdf): PDF inc
lusion: multiple pdfs with page group included in a single page
> <../Figures/overlays/HXMM29_870_250.pdf

pdfTeX warning: pdflatex (file ../Figures/overlays/HXMM29_870_250.pdf): PDF inc
lusion: multiple pdfs with page group included in a single page
> <../Figures/overlays/HXMM07_870_250.pdf

pdfTeX warning: pdflatex (file ../Figures/overlays/HXMM07_870_250.pdf): PDF inc
lusion: multiple pdfs with page group included in a single page
> <../Figures/overlays/HXMM20_870_250.pdf

pdfTeX warning: pdflatex (file ../Figures/overlays/HXMM20_870_250.pdf): PDF inc
lusion: multiple pdfs with page group included in a single page
> <../Figures/overlays/HXMM01_870_250.pdf

pdfTeX warning: pdflatex (file ../Figures/overlays/HXMM01_870_250.pdf): PDF inc
lusion: multiple pdfs with page group included in a single page
> <../Figures/overlays/HXMM04_870_250.pdf

pdfTeX warning: pdflatex (file ../Figures/overlays/HXMM04_870_250.pdf): PDF inc
lusion: multiple pdfs with page group included in a single page
> <../Figures/overlays/HXMM09_870_250.pdf

pdfTeX warning: pdflatex (file ../Figures/overlays/HXMM09_870_250.pdf): PDF inc
lusion: multiple pdfs with page group included in a single page
> <../Figures/overlays/HXMM03_870_250.pdf

pdfTeX warning: pdflatex (file ../Figures/overlays/HXMM03_870_250.pdf): PDF inc
lusion: multiple pdfs with page group included in a single page
> <../Figures/overlays/HXMM11_870_250.pdf

pdfTeX warning: pdflatex (file ../Figures/overlays/HXMM11_870_250.pdf): PDF inc
lusion: multiple pdfs with page group included in a single page
> <../Figures/overlays/HXMM23_870_250.pdf

pdfTeX warning: pdflatex (file ../Figures/overlays/HXMM23_870_250.pdf): PDF inc
lusion: multiple pdfs with page group included in a single page
>]

LaTeX Warning: A float is stuck (cannot be placed) on input line 555.

[7 <../Figures/overlays/HXMM22_870_250.pdf> <../Figures/overlays/HXMM05_870_250
.pdf

pdfTeX warning: pdflatex (file ../Figures/overlays/HXMM05_870_250.pdf): PDF inc
lusion: multiple pdfs with page group included in a single page
> <../Figures/overlays/HXMM30_870_250.pdf

pdfTeX warning: pdflatex (file ../Figures/overlays/HXMM30_870_250.pdf): PDF inc
lusion: multiple pdfs with page group included in a single page
> <../Figures/overlays/HXMM12_870_250.pdf

pdfTeX warning: pdflatex (file ../Figures/overlays/HXMM12_870_250.pdf): PDF inc
lusion: multiple pdfs with page group included in a single page
> <../Figures/overlays/HECDFS12_870_500.pdf

pdfTeX warning: pdflatex (file ../Figures/overlays/HECDFS12_870_500.pdf): PDF i
nclusion: multiple pdfs with page group included in a single page
> <../Figures/overlays/HECDFS04_870_500.pdf

pdfTeX warning: pdflatex (file ../Figures/overlays/HECDFS04_870_500.pdf): PDF i
nclusion: multiple pdfs with page group included in a single page
> <../Figures/overlays/HECDFS13_870_250.pdf

pdfTeX warning: pdflatex (file ../Figures/overlays/HECDFS13_870_250.pdf): PDF i
nclusion: multiple pdfs with page group included in a single page
> <../Figures/overlays/HADFS04_870_250.pdf

pdfTeX warning: pdflatex (file ../Figures/overlays/HADFS04_870_250.pdf): PDF in
clusion: multiple pdfs with page group included in a single page
> <../Figures/overlays/HADFS02_870_250.pdf

pdfTeX warning: pdflatex (file ../Figures/overlays/HADFS02_870_250.pdf): PDF in
clusion: multiple pdfs with page group included in a single page
> <../Figures/overlays/HADFS11_870_500.pdf

pdfTeX warning: pdflatex (file ../Figures/overlays/HADFS11_870_500.pdf): PDF in
clusion: multiple pdfs with page group included in a single page
> <../Figures/overlays/HADFS10_870_250.pdf

pdfTeX warning: pdflatex (file ../Figures/overlays/HADFS10_870_250.pdf): PDF in
clusion: multiple pdfs with page group included in a single page
> <../Figures/overlays/HADFS01_870_250.pdf

pdfTeX warning: pdflatex (file ../Figures/overlays/HADFS01_870_250.pdf): PDF in
clusion: multiple pdfs with page group included in a single page
>]

LaTeX Warning: A float is stuck (cannot be placed) on input line 555.


Class revtex4-1 Warning: Deferred float stuck during \clearpage processing.

[8 <../Figures/overlays/HADFS09_870_250.pdf> <../Figures/overlays/HADFS08_870_2
50.pdf

pdfTeX warning: pdflatex (file ../Figures/overlays/HADFS08_870_250.pdf): PDF in
clusion: multiple pdfs with page group included in a single page
> <../Figures/overlays/HADFS03_870_250.pdf

pdfTeX warning: pdflatex (file ../Figures/overlays/HADFS03_870_250.pdf): PDF in
clusion: multiple pdfs with page group included in a single page
> <../Figures/overlays/HCOSMOS02_870_250.pdf

pdfTeX warning: pdflatex (file ../Figures/overlays/HCOSMOS02_870_250.pdf): PDF 
inclusion: multiple pdfs with page group included in a single page
> <../Figures/overlays/HCOSMOS01_870_250.pdf

pdfTeX warning: pdflatex (file ../Figures/overlays/HCOSMOS01_870_250.pdf): PDF 
inclusion: multiple pdfs with page group included in a single page
>] [9]
Underfull \hbox (badness 4024) in paragraph at lines 794--803
[]\OT1/cmr/bx/n/10 HECDFS13: \OT1/cmr/m/n/10 This sys-tem is very sim-i-lar to
 []

[10]
Underfull \hbox (badness 1097) in paragraph at lines 872--885
\OT1/cmr/m/n/10 (the bright-est of which has al-ready been de-tected;
 []


<../Figures/modelfit/HADFS03_optical_bestfit.pdf, id=21359, 236.68425pt x 229.4
5726pt>
File: ../Figures/modelfit/HADFS03_optical_bestfit.pdf Graphic file (type pdf)
 <use ../Figures/modelfit/HADFS03_optical_bestfit.pdf>
Package pdftex.def Info: ../Figures/modelfit/HADFS03_optical_bestfit.pdf used o
n input line 902.
(pdftex.def)             Requested size: 83.12633pt x 80.58783pt.

<../Figures/modelfit/HADFS03_model_bestfit.pdf, id=21360, 236.68425pt x 229.457
26pt>
File: ../Figures/modelfit/HADFS03_model_bestfit.pdf Graphic file (type pdf)
 <use ../Figures/modelfit/HADFS03_model_bestfit.pdf>
Package pdftex.def Info: ../Figures/modelfit/HADFS03_model_bestfit.pdf used on 
input line 903.
(pdftex.def)             Requested size: 83.12633pt x 80.58783pt.

<../Figures/modelfit/HADFS03_residual_bestfit.pdf, id=21361, 236.68425pt x 229.
45726pt>
File: ../Figures/modelfit/HADFS03_residual_bestfit.pdf Graphic file (type pdf)
 <use ../Figures/modelfit/HADFS03_residual_bestfit.pdf>
Package pdftex.def Info: ../Figures/modelfit/HADFS03_residual_bestfit.pdf used 
on input line 904.
(pdftex.def)             Requested size: 83.12633pt x 80.58783pt.

<../Figures/modelfit/HADFS08_optical_bestfit.pdf, id=21362, 236.68425pt x 229.4
5726pt>
File: ../Figures/modelfit/HADFS08_optical_bestfit.pdf Graphic file (type pdf)
 <use ../Figures/modelfit/HADFS08_optical_bestfit.pdf>
Package pdftex.def Info: ../Figures/modelfit/HADFS08_optical_bestfit.pdf used o
n input line 905.
(pdftex.def)             Requested size: 83.12633pt x 80.58783pt.

<../Figures/modelfit/HADFS08_model_bestfit.pdf, id=21363, 236.68425pt x 229.457
26pt>
File: ../Figures/modelfit/HADFS08_model_bestfit.pdf Graphic file (type pdf)
 <use ../Figures/modelfit/HADFS08_model_bestfit.pdf>
Package pdftex.def Info: ../Figures/modelfit/HADFS08_model_bestfit.pdf used on 
input line 906.
(pdftex.def)             Requested size: 83.12633pt x 80.58783pt.

<../Figures/modelfit/HADFS08_residual_bestfit.pdf, id=21364, 236.68425pt x 229.
45726pt>
File: ../Figures/modelfit/HADFS08_residual_bestfit.pdf Graphic file (type pdf)
 <use ../Figures/modelfit/HADFS08_residual_bestfit.pdf>
Package pdftex.def Info: ../Figures/modelfit/HADFS08_residual_bestfit.pdf used 
on input line 907.
(pdftex.def)             Requested size: 83.12633pt x 80.58783pt.

<../Figures/modelfit/HADFS09_optical_bestfit.pdf, id=21365, 236.68425pt x 229.4
5726pt>
File: ../Figures/modelfit/HADFS09_optical_bestfit.pdf Graphic file (type pdf)
 <use ../Figures/modelfit/HADFS09_optical_bestfit.pdf>
Package pdftex.def Info: ../Figures/modelfit/HADFS09_optical_bestfit.pdf used o
n input line 908.
(pdftex.def)             Requested size: 83.12633pt x 80.58783pt.

<../Figures/modelfit/HADFS09_model_bestfit.pdf, id=21366, 236.68425pt x 229.457
26pt>
File: ../Figures/modelfit/HADFS09_model_bestfit.pdf Graphic file (type pdf)
 <use ../Figures/modelfit/HADFS09_model_bestfit.pdf>
Package pdftex.def Info: ../Figures/modelfit/HADFS09_model_bestfit.pdf used on 
input line 909.
(pdftex.def)             Requested size: 83.12633pt x 80.58783pt.

<../Figures/modelfit/HADFS09_residual_bestfit.pdf, id=21367, 236.68425pt x 229.
45726pt>
File: ../Figures/modelfit/HADFS09_residual_bestfit.pdf Graphic file (type pdf)
 <use ../Figures/modelfit/HADFS09_residual_bestfit.pdf>
Package pdftex.def Info: ../Figures/modelfit/HADFS09_residual_bestfit.pdf used 
on input line 910.
(pdftex.def)             Requested size: 83.12633pt x 80.58783pt.

<../Figures/modelfit/HADFS10_optical_bestfit.pdf, id=21368, 236.68425pt x 229.4
5726pt>
File: ../Figures/modelfit/HADFS10_optical_bestfit.pdf Graphic file (type pdf)
 <use ../Figures/modelfit/HADFS10_optical_bestfit.pdf>
Package pdftex.def Info: ../Figures/modelfit/HADFS10_optical_bestfit.pdf used o
n input line 911.
(pdftex.def)             Requested size: 83.12633pt x 80.58783pt.

<../Figures/modelfit/HADFS10_model_bestfit.pdf, id=21369, 236.68425pt x 229.457
26pt>
File: ../Figures/modelfit/HADFS10_model_bestfit.pdf Graphic file (type pdf)
 <use ../Figures/modelfit/HADFS10_model_bestfit.pdf>
Package pdftex.def Info: ../Figures/modelfit/HADFS10_model_bestfit.pdf used on 
input line 912.
(pdftex.def)             Requested size: 83.12633pt x 80.58783pt.

<../Figures/modelfit/HADFS10_residual_bestfit.pdf, id=21370, 236.68425pt x 229.
45726pt>
File: ../Figures/modelfit/HADFS10_residual_bestfit.pdf Graphic file (type pdf)
 <use ../Figures/modelfit/HADFS10_residual_bestfit.pdf>
Package pdftex.def Info: ../Figures/modelfit/HADFS10_residual_bestfit.pdf used 
on input line 913.
(pdftex.def)             Requested size: 83.12633pt x 80.58783pt.

<../Figures/modelfit/HADFS02_optical_bestfit.pdf, id=21371, 236.68425pt x 229.4
5726pt>
File: ../Figures/modelfit/HADFS02_optical_bestfit.pdf Graphic file (type pdf)
 <use ../Figures/modelfit/HADFS02_optical_bestfit.pdf>
Package pdftex.def Info: ../Figures/modelfit/HADFS02_optical_bestfit.pdf used o
n input line 914.
(pdftex.def)             Requested size: 83.12633pt x 80.58783pt.

<../Figures/modelfit/HADFS02_model_bestfit.pdf, id=21372, 236.68425pt x 229.457
26pt>
File: ../Figures/modelfit/HADFS02_model_bestfit.pdf Graphic file (type pdf)
 <use ../Figures/modelfit/HADFS02_model_bestfit.pdf>
Package pdftex.def Info: ../Figures/modelfit/HADFS02_model_bestfit.pdf used on 
input line 915.
(pdftex.def)             Requested size: 83.12633pt x 80.58783pt.

<../Figures/modelfit/HADFS02_residual_bestfit.pdf, id=21373, 236.68425pt x 229.
45726pt>
File: ../Figures/modelfit/HADFS02_residual_bestfit.pdf Graphic file (type pdf)
 <use ../Figures/modelfit/HADFS02_residual_bestfit.pdf>
Package pdftex.def Info: ../Figures/modelfit/HADFS02_residual_bestfit.pdf used 
on input line 916.
(pdftex.def)             Requested size: 83.12633pt x 80.58783pt.

<../Figures/modelfit/HADFS04_optical_bestfit.pdf, id=21374, 236.68425pt x 229.4
5726pt>
File: ../Figures/modelfit/HADFS04_optical_bestfit.pdf Graphic file (type pdf)
 <use ../Figures/modelfit/HADFS04_optical_bestfit.pdf>
Package pdftex.def Info: ../Figures/modelfit/HADFS04_optical_bestfit.pdf used o
n input line 917.
(pdftex.def)             Requested size: 83.12633pt x 80.58783pt.

<../Figures/modelfit/HADFS04_model_bestfit.pdf, id=21375, 236.68425pt x 229.457
26pt>
File: ../Figures/modelfit/HADFS04_model_bestfit.pdf Graphic file (type pdf)
 <use ../Figures/modelfit/HADFS04_model_bestfit.pdf>
Package pdftex.def Info: ../Figures/modelfit/HADFS04_model_bestfit.pdf used on 
input line 918.
(pdftex.def)             Requested size: 83.12633pt x 80.58783pt.

<../Figures/modelfit/HADFS04_residual_bestfit.pdf, id=21376, 236.68425pt x 229.
45726pt>
File: ../Figures/modelfit/HADFS04_residual_bestfit.pdf Graphic file (type pdf)
 <use ../Figures/modelfit/HADFS04_residual_bestfit.pdf>
Package pdftex.def Info: ../Figures/modelfit/HADFS04_residual_bestfit.pdf used 
on input line 919.
(pdftex.def)             Requested size: 83.12633pt x 80.58783pt.

<../Figures/modelfit/HADFS01_optical_bestfit.pdf, id=21377, 236.68425pt x 229.4
5726pt>
File: ../Figures/modelfit/HADFS01_optical_bestfit.pdf Graphic file (type pdf)
 <use ../Figures/modelfit/HADFS01_optical_bestfit.pdf>
Package pdftex.def Info: ../Figures/modelfit/HADFS01_optical_bestfit.pdf used o
n input line 920.
(pdftex.def)             Requested size: 83.12633pt x 80.58783pt.

<../Figures/modelfit/HADFS01_model_bestfit.pdf, id=21378, 236.68425pt x 229.457
26pt>
File: ../Figures/modelfit/HADFS01_model_bestfit.pdf Graphic file (type pdf)
 <use ../Figures/modelfit/HADFS01_model_bestfit.pdf>
Package pdftex.def Info: ../Figures/modelfit/HADFS01_model_bestfit.pdf used on 
input line 921.
(pdftex.def)             Requested size: 83.12633pt x 80.58783pt.

<../Figures/modelfit/HADFS01_residual_bestfit.pdf, id=21379, 236.68425pt x 229.
45726pt>
File: ../Figures/modelfit/HADFS01_residual_bestfit.pdf Graphic file (type pdf)
 <use ../Figures/modelfit/HADFS01_residual_bestfit.pdf>
Package pdftex.def Info: ../Figures/modelfit/HADFS01_residual_bestfit.pdf used 
on input line 922.
(pdftex.def)             Requested size: 83.12633pt x 80.58783pt.

<../Figures/modelfit/HADFS11_optical_bestfit.pdf, id=21380, 236.68425pt x 229.4
5726pt>
File: ../Figures/modelfit/HADFS11_optical_bestfit.pdf Graphic file (type pdf)
 <use ../Figures/modelfit/HADFS11_optical_bestfit.pdf>
Package pdftex.def Info: ../Figures/modelfit/HADFS11_optical_bestfit.pdf used o
n input line 923.
(pdftex.def)             Requested size: 83.12633pt x 80.58783pt.

<../Figures/modelfit/HADFS11_model_bestfit.pdf, id=21381, 236.68425pt x 229.457
26pt>
File: ../Figures/modelfit/HADFS11_model_bestfit.pdf Graphic file (type pdf)
 <use ../Figures/modelfit/HADFS11_model_bestfit.pdf>
Package pdftex.def Info: ../Figures/modelfit/HADFS11_model_bestfit.pdf used on 
input line 924.
(pdftex.def)             Requested size: 83.12633pt x 80.58783pt.

<../Figures/modelfit/HADFS11_residual_bestfit.pdf, id=21382, 236.68425pt x 229.
45726pt>
File: ../Figures/modelfit/HADFS11_residual_bestfit.pdf Graphic file (type pdf)
 <use ../Figures/modelfit/HADFS11_residual_bestfit.pdf>
Package pdftex.def Info: ../Figures/modelfit/HADFS11_residual_bestfit.pdf used 
on input line 925.
(pdftex.def)             Requested size: 83.12633pt x 80.58783pt.

<../Figures/modelfit/HECDFS12_optical_bestfit.pdf, id=21383, 236.68425pt x 229.
45726pt>
File: ../Figures/modelfit/HECDFS12_optical_bestfit.pdf Graphic file (type pdf)
 <use ../Figures/modelfit/HECDFS12_optical_bestfit.pdf>
Package pdftex.def Info: ../Figures/modelfit/HECDFS12_optical_bestfit.pdf used 
on input line 926.
(pdftex.def)             Requested size: 83.12633pt x 80.58783pt.

<../Figures/modelfit/HECDFS12_model_bestfit.pdf, id=21384, 236.68425pt x 229.45
726pt>
File: ../Figures/modelfit/HECDFS12_model_bestfit.pdf Graphic file (type pdf)
 <use ../Figures/modelfit/HECDFS12_model_bestfit.pdf>
Package pdftex.def Info: ../Figures/modelfit/HECDFS12_model_bestfit.pdf used on
 input line 927.
(pdftex.def)             Requested size: 83.12633pt x 80.58783pt.

<../Figures/modelfit/HECDFS12_residual_bestfit.pdf, id=21385, 236.68425pt x 229
.45726pt>
File: ../Figures/modelfit/HECDFS12_residual_bestfit.pdf Graphic file (type pdf)

 <use ../Figures/modelfit/HECDFS12_residual_bestfit.pdf>
Package pdftex.def Info: ../Figures/modelfit/HECDFS12_residual_bestfit.pdf used
 on input line 928.
(pdftex.def)             Requested size: 83.12633pt x 80.58783pt.

<../Figures/modelfit/HECDFS04_optical_bestfit.pdf, id=21386, 236.68425pt x 229.
45726pt>
File: ../Figures/modelfit/HECDFS04_optical_bestfit.pdf Graphic file (type pdf)
 <use ../Figures/modelfit/HECDFS04_optical_bestfit.pdf>
Package pdftex.def Info: ../Figures/modelfit/HECDFS04_optical_bestfit.pdf used 
on input line 929.
(pdftex.def)             Requested size: 83.12633pt x 80.58783pt.

<../Figures/modelfit/HECDFS04_model_bestfit.pdf, id=21387, 236.68425pt x 229.45
726pt>
File: ../Figures/modelfit/HECDFS04_model_bestfit.pdf Graphic file (type pdf)
 <use ../Figures/modelfit/HECDFS04_model_bestfit.pdf>
Package pdftex.def Info: ../Figures/modelfit/HECDFS04_model_bestfit.pdf used on
 input line 930.
(pdftex.def)             Requested size: 83.12633pt x 80.58783pt.

<../Figures/modelfit/HECDFS04_residual_bestfit.pdf, id=21388, 236.68425pt x 229
.45726pt>
File: ../Figures/modelfit/HECDFS04_residual_bestfit.pdf Graphic file (type pdf)

 <use ../Figures/modelfit/HECDFS04_residual_bestfit.pdf>
Package pdftex.def Info: ../Figures/modelfit/HECDFS04_residual_bestfit.pdf used
 on input line 931.
(pdftex.def)             Requested size: 83.12633pt x 80.58783pt.

<../Figures/modelfit/HECDFS13_optical_bestfit.pdf, id=21389, 236.68425pt x 229.
45726pt>
File: ../Figures/modelfit/HECDFS13_optical_bestfit.pdf Graphic file (type pdf)
 <use ../Figures/modelfit/HECDFS13_optical_bestfit.pdf>
Package pdftex.def Info: ../Figures/modelfit/HECDFS13_optical_bestfit.pdf used 
on input line 932.
(pdftex.def)             Requested size: 83.12633pt x 80.58783pt.

<../Figures/modelfit/HECDFS13_model_bestfit.pdf, id=21390, 236.68425pt x 229.45
726pt>
File: ../Figures/modelfit/HECDFS13_model_bestfit.pdf Graphic file (type pdf)
 <use ../Figures/modelfit/HECDFS13_model_bestfit.pdf>
Package pdftex.def Info: ../Figures/modelfit/HECDFS13_model_bestfit.pdf used on
 input line 933.
(pdftex.def)             Requested size: 83.12633pt x 80.58783pt.

<../Figures/modelfit/HECDFS13_residual_bestfit.pdf, id=21391, 236.68425pt x 229
.45726pt>
File: ../Figures/modelfit/HECDFS13_residual_bestfit.pdf Graphic file (type pdf)

 <use ../Figures/modelfit/HECDFS13_residual_bestfit.pdf>
Package pdftex.def Info: ../Figures/modelfit/HECDFS13_residual_bestfit.pdf used
 on input line 934.
(pdftex.def)             Requested size: 83.12633pt x 80.58783pt.

<../Figures/modelfit/HCOSMOS01_optical_bestfit.pdf, id=21392, 236.68425pt x 229
.45726pt>
File: ../Figures/modelfit/HCOSMOS01_optical_bestfit.pdf Graphic file (type pdf)

 <use ../Figures/modelfit/HCOSMOS01_optical_bestfit.pdf>
Package pdftex.def Info: ../Figures/modelfit/HCOSMOS01_optical_bestfit.pdf used
 on input line 935.
(pdftex.def)             Requested size: 83.12633pt x 80.58783pt.

<../Figures/modelfit/HCOSMOS01_model_bestfit.pdf, id=21393, 236.68425pt x 229.4
5726pt>
File: ../Figures/modelfit/HCOSMOS01_model_bestfit.pdf Graphic file (type pdf)
 <use ../Figures/modelfit/HCOSMOS01_model_bestfit.pdf>
Package pdftex.def Info: ../Figures/modelfit/HCOSMOS01_model_bestfit.pdf used o
n input line 936.
(pdftex.def)             Requested size: 83.12633pt x 80.58783pt.

<../Figures/modelfit/HCOSMOS01_residual_bestfit.pdf, id=21394, 236.68425pt x 22
9.45726pt>
File: ../Figures/modelfit/HCOSMOS01_residual_bestfit.pdf Graphic file (type pdf
)
 <use ../Figures/modelfit/HCOSMOS01_residual_bestfit.pdf>
Package pdftex.def Info: ../Figures/modelfit/HCOSMOS01_residual_bestfit.pdf use
d on input line 937.
(pdftex.def)             Requested size: 83.12633pt x 80.58783pt.

<../Figures/modelfit/HCOSMOS02_optical_bestfit.pdf, id=21395, 236.68425pt x 229
.45726pt>
File: ../Figures/modelfit/HCOSMOS02_optical_bestfit.pdf Graphic file (type pdf)

 <use ../Figures/modelfit/HCOSMOS02_optical_bestfit.pdf>
Package pdftex.def Info: ../Figures/modelfit/HCOSMOS02_optical_bestfit.pdf used
 on input line 938.
(pdftex.def)             Requested size: 83.12633pt x 80.58783pt.

<../Figures/modelfit/HCOSMOS02_model_bestfit.pdf, id=21396, 236.68425pt x 229.4
5726pt>
File: ../Figures/modelfit/HCOSMOS02_model_bestfit.pdf Graphic file (type pdf)
 <use ../Figures/modelfit/HCOSMOS02_model_bestfit.pdf>
Package pdftex.def Info: ../Figures/modelfit/HCOSMOS02_model_bestfit.pdf used o
n input line 939.
(pdftex.def)             Requested size: 83.12633pt x 80.58783pt.

<../Figures/modelfit/HCOSMOS02_residual_bestfit.pdf, id=21397, 236.68425pt x 22
9.45726pt>
File: ../Figures/modelfit/HCOSMOS02_residual_bestfit.pdf Graphic file (type pdf
)
 <use ../Figures/modelfit/HCOSMOS02_residual_bestfit.pdf>
Package pdftex.def Info: ../Figures/modelfit/HCOSMOS02_residual_bestfit.pdf use
d on input line 940.
(pdftex.def)             Requested size: 83.12633pt x 80.58783pt.

<../Figures/modelfit/HELAISS02_optical_bestfit.pdf, id=21398, 236.68425pt x 229
.45726pt>
File: ../Figures/modelfit/HELAISS02_optical_bestfit.pdf Graphic file (type pdf)

 <use ../Figures/modelfit/HELAISS02_optical_bestfit.pdf>
Package pdftex.def Info: ../Figures/modelfit/HELAISS02_optical_bestfit.pdf used
 on input line 941.
(pdftex.def)             Requested size: 83.12633pt x 80.58783pt.

<../Figures/modelfit/HELAISS02_model_bestfit.pdf, id=21399, 236.68425pt x 229.4
5726pt>
File: ../Figures/modelfit/HELAISS02_model_bestfit.pdf Graphic file (type pdf)
 <use ../Figures/modelfit/HELAISS02_model_bestfit.pdf>
Package pdftex.def Info: ../Figures/modelfit/HELAISS02_model_bestfit.pdf used o
n input line 942.
(pdftex.def)             Requested size: 83.12633pt x 80.58783pt.

<../Figures/modelfit/HELAISS02_residual_bestfit.pdf, id=21400, 236.68425pt x 22
9.45726pt>
File: ../Figures/modelfit/HELAISS02_residual_bestfit.pdf Graphic file (type pdf
)
 <use ../Figures/modelfit/HELAISS02_residual_bestfit.pdf>
Package pdftex.def Info: ../Figures/modelfit/HELAISS02_residual_bestfit.pdf use
d on input line 943.
(pdftex.def)             Requested size: 83.12633pt x 80.58783pt.

<../Figures/modelfit/HXMM01_optical_bestfit.pdf, id=21401, 236.68425pt x 229.45
726pt>
File: ../Figures/modelfit/HXMM01_optical_bestfit.pdf Graphic file (type pdf)
 <use ../Figures/modelfit/HXMM01_optical_bestfit.pdf>
Package pdftex.def Info: ../Figures/modelfit/HXMM01_optical_bestfit.pdf used on
 input line 999.
(pdftex.def)             Requested size: 83.12633pt x 80.58783pt.

<../Figures/modelfit/HXMM01_model_bestfit.pdf, id=21402, 236.68425pt x 229.4572
6pt>
File: ../Figures/modelfit/HXMM01_model_bestfit.pdf Graphic file (type pdf)
 <use ../Figures/modelfit/HXMM01_model_bestfit.pdf>
Package pdftex.def Info: ../Figures/modelfit/HXMM01_model_bestfit.pdf used on i
nput line 1000.
(pdftex.def)             Requested size: 83.12633pt x 80.58783pt.

<../Figures/modelfit/HXMM01_residual_bestfit.pdf, id=21403, 236.68425pt x 229.4
5726pt>
File: ../Figures/modelfit/HXMM01_residual_bestfit.pdf Graphic file (type pdf)
 <use ../Figures/modelfit/HXMM01_residual_bestfit.pdf>
Package pdftex.def Info: ../Figures/modelfit/HXMM01_residual_bestfit.pdf used o
n input line 1001.
(pdftex.def)             Requested size: 83.12633pt x 80.58783pt.

<../Figures/modelfit/HXMM11_optical_bestfit.pdf, id=21404, 236.68425pt x 229.45
726pt>
File: ../Figures/modelfit/HXMM11_optical_bestfit.pdf Graphic file (type pdf)
 <use ../Figures/modelfit/HXMM11_optical_bestfit.pdf>
Package pdftex.def Info: ../Figures/modelfit/HXMM11_optical_bestfit.pdf used on
 input line 1002.
(pdftex.def)             Requested size: 83.12633pt x 80.58783pt.

<../Figures/modelfit/HXMM11_model_bestfit.pdf, id=21405, 236.68425pt x 229.4572
6pt>
File: ../Figures/modelfit/HXMM11_model_bestfit.pdf Graphic file (type pdf)
 <use ../Figures/modelfit/HXMM11_model_bestfit.pdf>
Package pdftex.def Info: ../Figures/modelfit/HXMM11_model_bestfit.pdf used on i
nput line 1003.
(pdftex.def)             Requested size: 83.12633pt x 80.58783pt.

<../Figures/modelfit/HXMM11_residual_bestfit.pdf, id=21406, 236.68425pt x 229.4
5726pt>
File: ../Figures/modelfit/HXMM11_residual_bestfit.pdf Graphic file (type pdf)
 <use ../Figures/modelfit/HXMM11_residual_bestfit.pdf>
Package pdftex.def Info: ../Figures/modelfit/HXMM11_residual_bestfit.pdf used o
n input line 1004.
(pdftex.def)             Requested size: 83.12633pt x 80.58783pt.

<../Figures/modelfit/HXMM05_optical_bestfit.pdf, id=21407, 236.68425pt x 229.45
726pt>
File: ../Figures/modelfit/HXMM05_optical_bestfit.pdf Graphic file (type pdf)
 <use ../Figures/modelfit/HXMM05_optical_bestfit.pdf>
Package pdftex.def Info: ../Figures/modelfit/HXMM05_optical_bestfit.pdf used on
 input line 1005.
(pdftex.def)             Requested size: 83.12633pt x 80.58783pt.

<../Figures/modelfit/HXMM05_model_bestfit.pdf, id=21408, 236.68425pt x 229.4572
6pt>
File: ../Figures/modelfit/HXMM05_model_bestfit.pdf Graphic file (type pdf)
 <use ../Figures/modelfit/HXMM05_model_bestfit.pdf>
Package pdftex.def Info: ../Figures/modelfit/HXMM05_model_bestfit.pdf used on i
nput line 1006.
(pdftex.def)             Requested size: 83.12633pt x 80.58783pt.

<../Figures/modelfit/HXMM05_residual_bestfit.pdf, id=21409, 236.68425pt x 229.4
5726pt>
File: ../Figures/modelfit/HXMM05_residual_bestfit.pdf Graphic file (type pdf)
 <use ../Figures/modelfit/HXMM05_residual_bestfit.pdf>
Package pdftex.def Info: ../Figures/modelfit/HXMM05_residual_bestfit.pdf used o
n input line 1007.
(pdftex.def)             Requested size: 83.12633pt x 80.58783pt.

<../Figures/modelfit/HXMM29_optical_bestfit.pdf, id=21410, 236.68425pt x 229.45
726pt>
File: ../Figures/modelfit/HXMM29_optical_bestfit.pdf Graphic file (type pdf)
 <use ../Figures/modelfit/HXMM29_optical_bestfit.pdf>
Package pdftex.def Info: ../Figures/modelfit/HXMM29_optical_bestfit.pdf used on
 input line 1008.
(pdftex.def)             Requested size: 83.12633pt x 80.58783pt.

<../Figures/modelfit/HXMM29_model_bestfit.pdf, id=21411, 236.68425pt x 229.4572
6pt>
File: ../Figures/modelfit/HXMM29_model_bestfit.pdf Graphic file (type pdf)
 <use ../Figures/modelfit/HXMM29_model_bestfit.pdf>
Package pdftex.def Info: ../Figures/modelfit/HXMM29_model_bestfit.pdf used on i
nput line 1009.
(pdftex.def)             Requested size: 83.12633pt x 80.58783pt.

<../Figures/modelfit/HXMM29_residual_bestfit.pdf, id=21412, 236.68425pt x 229.4
5726pt>
File: ../Figures/modelfit/HXMM29_residual_bestfit.pdf Graphic file (type pdf)
 <use ../Figures/modelfit/HXMM29_residual_bestfit.pdf>
Package pdftex.def Info: ../Figures/modelfit/HXMM29_residual_bestfit.pdf used o
n input line 1010.
(pdftex.def)             Requested size: 83.12633pt x 80.58783pt.

<../Figures/modelfit/HXMM12_optical_bestfit.pdf, id=21413, 236.68425pt x 229.45
726pt>
File: ../Figures/modelfit/HXMM12_optical_bestfit.pdf Graphic file (type pdf)
 <use ../Figures/modelfit/HXMM12_optical_bestfit.pdf>
Package pdftex.def Info: ../Figures/modelfit/HXMM12_optical_bestfit.pdf used on
 input line 1011.
(pdftex.def)             Requested size: 83.12633pt x 80.58783pt.

<../Figures/modelfit/HXMM12_model_bestfit.pdf, id=21414, 236.68425pt x 229.4572
6pt>
File: ../Figures/modelfit/HXMM12_model_bestfit.pdf Graphic file (type pdf)
 <use ../Figures/modelfit/HXMM12_model_bestfit.pdf>
Package pdftex.def Info: ../Figures/modelfit/HXMM12_model_bestfit.pdf used on i
nput line 1012.
(pdftex.def)             Requested size: 83.12633pt x 80.58783pt.

<../Figures/modelfit/HXMM12_residual_bestfit.pdf, id=21415, 236.68425pt x 229.4
5726pt>
File: ../Figures/modelfit/HXMM12_residual_bestfit.pdf Graphic file (type pdf)
 <use ../Figures/modelfit/HXMM12_residual_bestfit.pdf>
Package pdftex.def Info: ../Figures/modelfit/HXMM12_residual_bestfit.pdf used o
n input line 1013.
(pdftex.def)             Requested size: 83.12633pt x 80.58783pt.

<../Figures/modelfit/HXMM02_optical_bestfit.pdf, id=21416, 236.68425pt x 229.45
726pt>
File: ../Figures/modelfit/HXMM02_optical_bestfit.pdf Graphic file (type pdf)
 <use ../Figures/modelfit/HXMM02_optical_bestfit.pdf>
Package pdftex.def Info: ../Figures/modelfit/HXMM02_optical_bestfit.pdf used on
 input line 1014.
(pdftex.def)             Requested size: 83.12633pt x 80.58783pt.

<../Figures/modelfit/HXMM02_model_bestfit.pdf, id=21417, 236.68425pt x 229.4572
6pt>
File: ../Figures/modelfit/HXMM02_model_bestfit.pdf Graphic file (type pdf)
 <use ../Figures/modelfit/HXMM02_model_bestfit.pdf>
Package pdftex.def Info: ../Figures/modelfit/HXMM02_model_bestfit.pdf used on i
nput line 1015.
(pdftex.def)             Requested size: 83.12633pt x 80.58783pt.

<../Figures/modelfit/HXMM02_residual_bestfit.pdf, id=21418, 236.68425pt x 229.4
5726pt>
File: ../Figures/modelfit/HXMM02_residual_bestfit.pdf Graphic file (type pdf)
 <use ../Figures/modelfit/HXMM02_residual_bestfit.pdf>
Package pdftex.def Info: ../Figures/modelfit/HXMM02_residual_bestfit.pdf used o
n input line 1016.
(pdftex.def)             Requested size: 83.12633pt x 80.58783pt.

<../Figures/modelfit/HXMM03_optical_bestfit.pdf, id=21419, 236.68425pt x 229.45
726pt>
File: ../Figures/modelfit/HXMM03_optical_bestfit.pdf Graphic file (type pdf)
 <use ../Figures/modelfit/HXMM03_optical_bestfit.pdf>
Package pdftex.def Info: ../Figures/modelfit/HXMM03_optical_bestfit.pdf used on
 input line 1017.
(pdftex.def)             Requested size: 83.12633pt x 80.58783pt.

<../Figures/modelfit/HXMM03_model_bestfit.pdf, id=21420, 236.68425pt x 229.4572
6pt>
File: ../Figures/modelfit/HXMM03_model_bestfit.pdf Graphic file (type pdf)
 <use ../Figures/modelfit/HXMM03_model_bestfit.pdf>
Package pdftex.def Info: ../Figures/modelfit/HXMM03_model_bestfit.pdf used on i
nput line 1018.
(pdftex.def)             Requested size: 83.12633pt x 80.58783pt.

<../Figures/modelfit/HXMM03_residual_bestfit.pdf, id=21421, 236.68425pt x 229.4
5726pt>
File: ../Figures/modelfit/HXMM03_residual_bestfit.pdf Graphic file (type pdf)
 <use ../Figures/modelfit/HXMM03_residual_bestfit.pdf>
Package pdftex.def Info: ../Figures/modelfit/HXMM03_residual_bestfit.pdf used o
n input line 1019.
(pdftex.def)             Requested size: 83.12633pt x 80.58783pt.

<../Figures/modelfit/HXMM22_optical_bestfit.pdf, id=21422, 236.68425pt x 229.45
726pt>
File: ../Figures/modelfit/HXMM22_optical_bestfit.pdf Graphic file (type pdf)
 <use ../Figures/modelfit/HXMM22_optical_bestfit.pdf>
Package pdftex.def Info: ../Figures/modelfit/HXMM22_optical_bestfit.pdf used on
 input line 1020.
(pdftex.def)             Requested size: 83.12633pt x 80.58783pt.

<../Figures/modelfit/HXMM22_model_bestfit.pdf, id=21423, 236.68425pt x 229.4572
6pt>
File: ../Figures/modelfit/HXMM22_model_bestfit.pdf Graphic file (type pdf)
 <use ../Figures/modelfit/HXMM22_model_bestfit.pdf>
Package pdftex.def Info: ../Figures/modelfit/HXMM22_model_bestfit.pdf used on i
nput line 1021.
(pdftex.def)             Requested size: 83.12633pt x 80.58783pt.

<../Figures/modelfit/HXMM22_residual_bestfit.pdf, id=21424, 236.68425pt x 229.4
5726pt>
File: ../Figures/modelfit/HXMM22_residual_bestfit.pdf Graphic file (type pdf)
 <use ../Figures/modelfit/HXMM22_residual_bestfit.pdf>
Package pdftex.def Info: ../Figures/modelfit/HXMM22_residual_bestfit.pdf used o
n input line 1022.
(pdftex.def)             Requested size: 83.12633pt x 80.58783pt.

<../Figures/modelfit/HXMM20_optical_bestfit.pdf, id=21425, 236.68425pt x 229.45
726pt>
File: ../Figures/modelfit/HXMM20_optical_bestfit.pdf Graphic file (type pdf)
 <use ../Figures/modelfit/HXMM20_optical_bestfit.pdf>
Package pdftex.def Info: ../Figures/modelfit/HXMM20_optical_bestfit.pdf used on
 input line 1023.
(pdftex.def)             Requested size: 83.12633pt x 80.58783pt.

<../Figures/modelfit/HXMM20_model_bestfit.pdf, id=21426, 236.68425pt x 229.4572
6pt>
File: ../Figures/modelfit/HXMM20_model_bestfit.pdf Graphic file (type pdf)
 <use ../Figures/modelfit/HXMM20_model_bestfit.pdf>
Package pdftex.def Info: ../Figures/modelfit/HXMM20_model_bestfit.pdf used on i
nput line 1024.
(pdftex.def)             Requested size: 83.12633pt x 80.58783pt.

<../Figures/modelfit/HXMM20_residual_bestfit.pdf, id=21427, 236.68425pt x 229.4
5726pt>
File: ../Figures/modelfit/HXMM20_residual_bestfit.pdf Graphic file (type pdf)
 <use ../Figures/modelfit/HXMM20_residual_bestfit.pdf>
Package pdftex.def Info: ../Figures/modelfit/HXMM20_residual_bestfit.pdf used o
n input line 1025.
(pdftex.def)             Requested size: 83.12633pt x 80.58783pt.

<../Figures/modelfit/HXMM07_optical_bestfit.pdf, id=21428, 236.68425pt x 229.45
726pt>
File: ../Figures/modelfit/HXMM07_optical_bestfit.pdf Graphic file (type pdf)
 <use ../Figures/modelfit/HXMM07_optical_bestfit.pdf>
Package pdftex.def Info: ../Figures/modelfit/HXMM07_optical_bestfit.pdf used on
 input line 1026.
(pdftex.def)             Requested size: 83.12633pt x 80.58783pt.

<../Figures/modelfit/HXMM07_model_bestfit.pdf, id=21429, 236.68425pt x 229.4572
6pt>
File: ../Figures/modelfit/HXMM07_model_bestfit.pdf Graphic file (type pdf)
 <use ../Figures/modelfit/HXMM07_model_bestfit.pdf>
Package pdftex.def Info: ../Figures/modelfit/HXMM07_model_bestfit.pdf used on i
nput line 1027.
(pdftex.def)             Requested size: 83.12633pt x 80.58783pt.

<../Figures/modelfit/HXMM07_residual_bestfit.pdf, id=21430, 236.68425pt x 229.4
5726pt>
File: ../Figures/modelfit/HXMM07_residual_bestfit.pdf Graphic file (type pdf)
 <use ../Figures/modelfit/HXMM07_residual_bestfit.pdf>
Package pdftex.def Info: ../Figures/modelfit/HXMM07_residual_bestfit.pdf used o
n input line 1028.
(pdftex.def)             Requested size: 83.12633pt x 80.58783pt.

<../Figures/modelfit/HXMM30_optical_bestfit.pdf, id=21431, 236.68425pt x 229.45
726pt>
File: ../Figures/modelfit/HXMM30_optical_bestfit.pdf Graphic file (type pdf)
 <use ../Figures/modelfit/HXMM30_optical_bestfit.pdf>
Package pdftex.def Info: ../Figures/modelfit/HXMM30_optical_bestfit.pdf used on
 input line 1029.
(pdftex.def)             Requested size: 83.12633pt x 80.58783pt.

<../Figures/modelfit/HXMM30_model_bestfit.pdf, id=21432, 236.68425pt x 229.4572
6pt>
File: ../Figures/modelfit/HXMM30_model_bestfit.pdf Graphic file (type pdf)
 <use ../Figures/modelfit/HXMM30_model_bestfit.pdf>
Package pdftex.def Info: ../Figures/modelfit/HXMM30_model_bestfit.pdf used on i
nput line 1030.
(pdftex.def)             Requested size: 83.12633pt x 80.58783pt.

<../Figures/modelfit/HXMM30_residual_bestfit.pdf, id=21433, 236.68425pt x 229.4
5726pt>
File: ../Figures/modelfit/HXMM30_residual_bestfit.pdf Graphic file (type pdf)
 <use ../Figures/modelfit/HXMM30_residual_bestfit.pdf>
Package pdftex.def Info: ../Figures/modelfit/HXMM30_residual_bestfit.pdf used o
n input line 1031.
(pdftex.def)             Requested size: 83.12633pt x 80.58783pt.

<../Figures/modelfit/HXMM31_optical_bestfit.pdf, id=21434, 236.68425pt x 229.45
726pt>
File: ../Figures/modelfit/HXMM31_optical_bestfit.pdf Graphic file (type pdf)
 <use ../Figures/modelfit/HXMM31_optical_bestfit.pdf>
Package pdftex.def Info: ../Figures/modelfit/HXMM31_optical_bestfit.pdf used on
 input line 1032.
(pdftex.def)             Requested size: 83.12633pt x 80.58783pt.

<../Figures/modelfit/HXMM31_model_bestfit.pdf, id=21435, 236.68425pt x 229.4572
6pt>
File: ../Figures/modelfit/HXMM31_model_bestfit.pdf Graphic file (type pdf)
 <use ../Figures/modelfit/HXMM31_model_bestfit.pdf>
Package pdftex.def Info: ../Figures/modelfit/HXMM31_model_bestfit.pdf used on i
nput line 1033.
(pdftex.def)             Requested size: 83.12633pt x 80.58783pt.

<../Figures/modelfit/HXMM31_residual_bestfit.pdf, id=21436, 236.68425pt x 229.4
5726pt>
File: ../Figures/modelfit/HXMM31_residual_bestfit.pdf Graphic file (type pdf)
 <use ../Figures/modelfit/HXMM31_residual_bestfit.pdf>
Package pdftex.def Info: ../Figures/modelfit/HXMM31_residual_bestfit.pdf used o
n input line 1034.
(pdftex.def)             Requested size: 83.12633pt x 80.58783pt.

<../Figures/modelfit/HXMM04_optical_bestfit.pdf, id=21437, 236.68425pt x 229.45
726pt>
File: ../Figures/modelfit/HXMM04_optical_bestfit.pdf Graphic file (type pdf)
 <use ../Figures/modelfit/HXMM04_optical_bestfit.pdf>
Package pdftex.def Info: ../Figures/modelfit/HXMM04_optical_bestfit.pdf used on
 input line 1035.
(pdftex.def)             Requested size: 83.12633pt x 80.58783pt.

<../Figures/modelfit/HXMM04_model_bestfit.pdf, id=21438, 236.68425pt x 229.4572
6pt>
File: ../Figures/modelfit/HXMM04_model_bestfit.pdf Graphic file (type pdf)
 <use ../Figures/modelfit/HXMM04_model_bestfit.pdf>
Package pdftex.def Info: ../Figures/modelfit/HXMM04_model_bestfit.pdf used on i
nput line 1036.
(pdftex.def)             Requested size: 83.12633pt x 80.58783pt.

<../Figures/modelfit/HXMM04_residual_bestfit.pdf, id=21439, 236.68425pt x 229.4
5726pt>
File: ../Figures/modelfit/HXMM04_residual_bestfit.pdf Graphic file (type pdf)
 <use ../Figures/modelfit/HXMM04_residual_bestfit.pdf>
Package pdftex.def Info: ../Figures/modelfit/HXMM04_residual_bestfit.pdf used o
n input line 1037.
(pdftex.def)             Requested size: 83.12633pt x 80.58783pt.

<../Figures/modelfit/HXMM09_optical_bestfit.pdf, id=21440, 236.68425pt x 229.45
726pt>
File: ../Figures/modelfit/HXMM09_optical_bestfit.pdf Graphic file (type pdf)
 <use ../Figures/modelfit/HXMM09_optical_bestfit.pdf>
Package pdftex.def Info: ../Figures/modelfit/HXMM09_optical_bestfit.pdf used on
 input line 1038.
(pdftex.def)             Requested size: 83.12633pt x 80.58783pt.

<../Figures/modelfit/HXMM09_model_bestfit.pdf, id=21441, 236.68425pt x 229.4572
6pt>
File: ../Figures/modelfit/HXMM09_model_bestfit.pdf Graphic file (type pdf)
 <use ../Figures/modelfit/HXMM09_model_bestfit.pdf>
Package pdftex.def Info: ../Figures/modelfit/HXMM09_model_bestfit.pdf used on i
nput line 1039.
(pdftex.def)             Requested size: 83.12633pt x 80.58783pt.

<../Figures/modelfit/HXMM09_residual_bestfit.pdf, id=21442, 236.68425pt x 229.4
5726pt>
File: ../Figures/modelfit/HXMM09_residual_bestfit.pdf Graphic file (type pdf)
 <use ../Figures/modelfit/HXMM09_residual_bestfit.pdf>
Package pdftex.def Info: ../Figures/modelfit/HXMM09_residual_bestfit.pdf used o
n input line 1040.
(pdftex.def)             Requested size: 83.12633pt x 80.58783pt.

<../Figures/modelfit/HXMM23_optical_bestfit.pdf, id=21443, 236.68425pt x 229.45
726pt>
File: ../Figures/modelfit/HXMM23_optical_bestfit.pdf Graphic file (type pdf)
 <use ../Figures/modelfit/HXMM23_optical_bestfit.pdf>
Package pdftex.def Info: ../Figures/modelfit/HXMM23_optical_bestfit.pdf used on
 input line 1041.
(pdftex.def)             Requested size: 83.12633pt x 80.58783pt.

<../Figures/modelfit/HXMM23_model_bestfit.pdf, id=21444, 236.68425pt x 229.4572
6pt>
File: ../Figures/modelfit/HXMM23_model_bestfit.pdf Graphic file (type pdf)
 <use ../Figures/modelfit/HXMM23_model_bestfit.pdf>
Package pdftex.def Info: ../Figures/modelfit/HXMM23_model_bestfit.pdf used on i
nput line 1042.
(pdftex.def)             Requested size: 83.12633pt x 80.58783pt.

<../Figures/modelfit/HXMM23_residual_bestfit.pdf, id=21445, 236.68425pt x 229.4
5726pt>
File: ../Figures/modelfit/HXMM23_residual_bestfit.pdf Graphic file (type pdf)
 <use ../Figures/modelfit/HXMM23_residual_bestfit.pdf>
Package pdftex.def Info: ../Figures/modelfit/HXMM23_residual_bestfit.pdf used o
n input line 1043.
(pdftex.def)             Requested size: 83.12633pt x 80.58783pt.

(./table_lenses.tex) (./table_intrinsic.tex [11] [12 <../Figures/modelfit/HADFS
03_optical_bestfit.pdf> <../Figures/modelfit/HADFS03_model_bestfit.pdf

pdfTeX warning: pdflatex (file ../Figures/modelfit/HADFS03_model_bestfit.pdf): 
PDF inclusion: multiple pdfs with page group included in a single page
> <../Figures/modelfit/HADFS03_residual_bestfit.pdf

pdfTeX warning: pdflatex (file ../Figures/modelfit/HADFS03_residual_bestfit.pdf
): PDF inclusion: multiple pdfs with page group included in a single page
> <../Figures/modelfit/HADFS08_optical_bestfit.pdf

pdfTeX warning: pdflatex (file ../Figures/modelfit/HADFS08_optical_bestfit.pdf)
: PDF inclusion: multiple pdfs with page group included in a single page
> <../Figures/modelfit/HADFS08_model_bestfit.pdf

pdfTeX warning: pdflatex (file ../Figures/modelfit/HADFS08_model_bestfit.pdf): 
PDF inclusion: multiple pdfs with page group included in a single page
> <../Figures/modelfit/HADFS08_residual_bestfit.pdf

pdfTeX warning: pdflatex (file ../Figures/modelfit/HADFS08_residual_bestfit.pdf
): PDF inclusion: multiple pdfs with page group included in a single page
> <../Figures/modelfit/HADFS09_optical_bestfit.pdf

pdfTeX warning: pdflatex (file ../Figures/modelfit/HADFS09_optical_bestfit.pdf)
: PDF inclusion: multiple pdfs with page group included in a single page
> <../Figures/modelfit/HADFS09_model_bestfit.pdf

pdfTeX warning: pdflatex (file ../Figures/modelfit/HADFS09_model_bestfit.pdf): 
PDF inclusion: multiple pdfs with page group included in a single page
> <../Figures/modelfit/HADFS09_residual_bestfit.pdf

pdfTeX warning: pdflatex (file ../Figures/modelfit/HADFS09_residual_bestfit.pdf
): PDF inclusion: multiple pdfs with page group included in a single page
> <../Figures/modelfit/HADFS10_optical_bestfit.pdf

pdfTeX warning: pdflatex (file ../Figures/modelfit/HADFS10_optical_bestfit.pdf)
: PDF inclusion: multiple pdfs with page group included in a single page
> <../Figures/modelfit/HADFS10_model_bestfit.pdf

pdfTeX warning: pdflatex (file ../Figures/modelfit/HADFS10_model_bestfit.pdf): 
PDF inclusion: multiple pdfs with page group included in a single page
> <../Figures/modelfit/HADFS10_residual_bestfit.pdf

pdfTeX warning: pdflatex (file ../Figures/modelfit/HADFS10_residual_bestfit.pdf
): PDF inclusion: multiple pdfs with page group included in a single page
> <../Figures/modelfit/HADFS02_optical_bestfit.pdf

pdfTeX warning: pdflatex (file ../Figures/modelfit/HADFS02_optical_bestfit.pdf)
: PDF inclusion: multiple pdfs with page group included in a single page
> <../Figures/modelfit/HADFS02_model_bestfit.pdf

pdfTeX warning: pdflatex (file ../Figures/modelfit/HADFS02_model_bestfit.pdf): 
PDF inclusion: multiple pdfs with page group included in a single page
> <../Figures/modelfit/HADFS02_residual_bestfit.pdf

pdfTeX warning: pdflatex (file ../Figures/modelfit/HADFS02_residual_bestfit.pdf
): PDF inclusion: multiple pdfs with page group included in a single page
> <../Figures/modelfit/HADFS04_optical_bestfit.pdf

pdfTeX warning: pdflatex (file ../Figures/modelfit/HADFS04_optical_bestfit.pdf)
: PDF inclusion: multiple pdfs with page group included in a single page
> <../Figures/modelfit/HADFS04_model_bestfit.pdf

pdfTeX warning: pdflatex (file ../Figures/modelfit/HADFS04_model_bestfit.pdf): 
PDF inclusion: multiple pdfs with page group included in a single page
> <../Figures/modelfit/HADFS04_residual_bestfit.pdf

pdfTeX warning: pdflatex (file ../Figures/modelfit/HADFS04_residual_bestfit.pdf
): PDF inclusion: multiple pdfs with page group included in a single page
> <../Figures/modelfit/HADFS01_optical_bestfit.pdf

pdfTeX warning: pdflatex (file ../Figures/modelfit/HADFS01_optical_bestfit.pdf)
: PDF inclusion: multiple pdfs with page group included in a single page
> <../Figures/modelfit/HADFS01_model_bestfit.pdf

pdfTeX warning: pdflatex (file ../Figures/modelfit/HADFS01_model_bestfit.pdf): 
PDF inclusion: multiple pdfs with page group included in a single page
> <../Figures/modelfit/HADFS01_residual_bestfit.pdf

pdfTeX warning: pdflatex (file ../Figures/modelfit/HADFS01_residual_bestfit.pdf
): PDF inclusion: multiple pdfs with page group included in a single page
> <../Figures/modelfit/HADFS11_optical_bestfit.pdf

pdfTeX warning: pdflatex (file ../Figures/modelfit/HADFS11_optical_bestfit.pdf)
: PDF inclusion: multiple pdfs with page group included in a single page
> <../Figures/modelfit/HADFS11_model_bestfit.pdf

pdfTeX warning: pdflatex (file ../Figures/modelfit/HADFS11_model_bestfit.pdf): 
PDF inclusion: multiple pdfs with page group included in a single page
> <../Figures/modelfit/HADFS11_residual_bestfit.pdf

pdfTeX warning: pdflatex (file ../Figures/modelfit/HADFS11_residual_bestfit.pdf
): PDF inclusion: multiple pdfs with page group included in a single page
> <../Figures/modelfit/HECDFS12_optical_bestfit.pdf

pdfTeX warning: pdflatex (file ../Figures/modelfit/HECDFS12_optical_bestfit.pdf
): PDF inclusion: multiple pdfs with page group included in a single page
> <../Figures/modelfit/HECDFS12_model_bestfit.pdf

pdfTeX warning: pdflatex (file ../Figures/modelfit/HECDFS12_model_bestfit.pdf):
 PDF inclusion: multiple pdfs with page group included in a single page
> <../Figures/modelfit/HECDFS12_residual_bestfit.pdf

pdfTeX warning: pdflatex (file ../Figures/modelfit/HECDFS12_residual_bestfit.pd
f): PDF inclusion: multiple pdfs with page group included in a single page
> <../Figures/modelfit/HECDFS04_optical_bestfit.pdf

pdfTeX warning: pdflatex (file ../Figures/modelfit/HECDFS04_optical_bestfit.pdf
): PDF inclusion: multiple pdfs with page group included in a single page
> <../Figures/modelfit/HECDFS04_model_bestfit.pdf

pdfTeX warning: pdflatex (file ../Figures/modelfit/HECDFS04_model_bestfit.pdf):
 PDF inclusion: multiple pdfs with page group included in a single page
> <../Figures/modelfit/HECDFS04_residual_bestfit.pdf

pdfTeX warning: pdflatex (file ../Figures/modelfit/HECDFS04_residual_bestfit.pd
f): PDF inclusion: multiple pdfs with page group included in a single page
> <../Figures/modelfit/HECDFS13_optical_bestfit.pdf

pdfTeX warning: pdflatex (file ../Figures/modelfit/HECDFS13_optical_bestfit.pdf
): PDF inclusion: multiple pdfs with page group included in a single page
> <../Figures/modelfit/HECDFS13_model_bestfit.pdf

pdfTeX warning: pdflatex (file ../Figures/modelfit/HECDFS13_model_bestfit.pdf):
 PDF inclusion: multiple pdfs with page group included in a single page
> <../Figures/modelfit/HECDFS13_residual_bestfit.pdf

pdfTeX warning: pdflatex (file ../Figures/modelfit/HECDFS13_residual_bestfit.pd
f): PDF inclusion: multiple pdfs with page group included in a single page
> <../Figures/modelfit/HCOSMOS01_optical_bestfit.pdf

pdfTeX warning: pdflatex (file ../Figures/modelfit/HCOSMOS01_optical_bestfit.pd
f): PDF inclusion: multiple pdfs with page group included in a single page
> <../Figures/modelfit/HCOSMOS01_model_bestfit.pdf

pdfTeX warning: pdflatex (file ../Figures/modelfit/HCOSMOS01_model_bestfit.pdf)
: PDF inclusion: multiple pdfs with page group included in a single page
> <../Figures/modelfit/HCOSMOS01_residual_bestfit.pdf

pdfTeX warning: pdflatex (file ../Figures/modelfit/HCOSMOS01_residual_bestfit.p
df): PDF inclusion: multiple pdfs with page group included in a single page
> <../Figures/modelfit/HCOSMOS02_optical_bestfit.pdf

pdfTeX warning: pdflatex (file ../Figures/modelfit/HCOSMOS02_optical_bestfit.pd
f): PDF inclusion: multiple pdfs with page group included in a single page
> <../Figures/modelfit/HCOSMOS02_model_bestfit.pdf

pdfTeX warning: pdflatex (file ../Figures/modelfit/HCOSMOS02_model_bestfit.pdf)
: PDF inclusion: multiple pdfs with page group included in a single page
> <../Figures/modelfit/HCOSMOS02_residual_bestfit.pdf

pdfTeX warning: pdflatex (file ../Figures/modelfit/HCOSMOS02_residual_bestfit.p
df): PDF inclusion: multiple pdfs with page group included in a single page
> <../Figures/modelfit/HELAISS02_optical_bestfit.pdf

pdfTeX warning: pdflatex (file ../Figures/modelfit/HELAISS02_optical_bestfit.pd
f): PDF inclusion: multiple pdfs with page group included in a single page
> <../Figures/modelfit/HELAISS02_model_bestfit.pdf

pdfTeX warning: pdflatex (file ../Figures/modelfit/HELAISS02_model_bestfit.pdf)
: PDF inclusion: multiple pdfs with page group included in a single page
> <../Figures/modelfit/HELAISS02_residual_bestfit.pdf

pdfTeX warning: pdflatex (file ../Figures/modelfit/HELAISS02_residual_bestfit.p
df): PDF inclusion: multiple pdfs with page group included in a single page
>]

LaTeX Warning: A float is stuck (cannot be placed) on input line 3.


Class revtex4-1 Warning: Deferred float stuck during \clearpage processing.

[13 <../Figures/modelfit/HXMM01_optical_bestfit.pdf> <../Figures/modelfit/HXMM0
1_model_bestfit.pdf

pdfTeX warning: pdflatex (file ../Figures/modelfit/HXMM01_model_bestfit.pdf): P
DF inclusion: multiple pdfs with page group included in a single page
> <../Figures/modelfit/HXMM01_residual_bestfit.pdf

pdfTeX warning: pdflatex (file ../Figures/modelfit/HXMM01_residual_bestfit.pdf)
: PDF inclusion: multiple pdfs with page group included in a single page
> <../Figures/modelfit/HXMM11_optical_bestfit.pdf

pdfTeX warning: pdflatex (file ../Figures/modelfit/HXMM11_optical_bestfit.pdf):
 PDF inclusion: multiple pdfs with page group included in a single page
> <../Figures/modelfit/HXMM11_model_bestfit.pdf

pdfTeX warning: pdflatex (file ../Figures/modelfit/HXMM11_model_bestfit.pdf): P
DF inclusion: multiple pdfs with page group included in a single page
> <../Figures/modelfit/HXMM11_residual_bestfit.pdf

pdfTeX warning: pdflatex (file ../Figures/modelfit/HXMM11_residual_bestfit.pdf)
: PDF inclusion: multiple pdfs with page group included in a single page
> <../Figures/modelfit/HXMM05_optical_bestfit.pdf

pdfTeX warning: pdflatex (file ../Figures/modelfit/HXMM05_optical_bestfit.pdf):
 PDF inclusion: multiple pdfs with page group included in a single page
> <../Figures/modelfit/HXMM05_model_bestfit.pdf

pdfTeX warning: pdflatex (file ../Figures/modelfit/HXMM05_model_bestfit.pdf): P
DF inclusion: multiple pdfs with page group included in a single page
> <../Figures/modelfit/HXMM05_residual_bestfit.pdf

pdfTeX warning: pdflatex (file ../Figures/modelfit/HXMM05_residual_bestfit.pdf)
: PDF inclusion: multiple pdfs with page group included in a single page
> <../Figures/modelfit/HXMM29_optical_bestfit.pdf

pdfTeX warning: pdflatex (file ../Figures/modelfit/HXMM29_optical_bestfit.pdf):
 PDF inclusion: multiple pdfs with page group included in a single page
> <../Figures/modelfit/HXMM29_model_bestfit.pdf

pdfTeX warning: pdflatex (file ../Figures/modelfit/HXMM29_model_bestfit.pdf): P
DF inclusion: multiple pdfs with page group included in a single page
> <../Figures/modelfit/HXMM29_residual_bestfit.pdf

pdfTeX warning: pdflatex (file ../Figures/modelfit/HXMM29_residual_bestfit.pdf)
: PDF inclusion: multiple pdfs with page group included in a single page
> <../Figures/modelfit/HXMM12_optical_bestfit.pdf

pdfTeX warning: pdflatex (file ../Figures/modelfit/HXMM12_optical_bestfit.pdf):
 PDF inclusion: multiple pdfs with page group included in a single page
> <../Figures/modelfit/HXMM12_model_bestfit.pdf

pdfTeX warning: pdflatex (file ../Figures/modelfit/HXMM12_model_bestfit.pdf): P
DF inclusion: multiple pdfs with page group included in a single page
> <../Figures/modelfit/HXMM12_residual_bestfit.pdf

pdfTeX warning: pdflatex (file ../Figures/modelfit/HXMM12_residual_bestfit.pdf)
: PDF inclusion: multiple pdfs with page group included in a single page
> <../Figures/modelfit/HXMM02_optical_bestfit.pdf

pdfTeX warning: pdflatex (file ../Figures/modelfit/HXMM02_optical_bestfit.pdf):
 PDF inclusion: multiple pdfs with page group included in a single page
> <../Figures/modelfit/HXMM02_model_bestfit.pdf

pdfTeX warning: pdflatex (file ../Figures/modelfit/HXMM02_model_bestfit.pdf): P
DF inclusion: multiple pdfs with page group included in a single page
> <../Figures/modelfit/HXMM02_residual_bestfit.pdf

pdfTeX warning: pdflatex (file ../Figures/modelfit/HXMM02_residual_bestfit.pdf)
: PDF inclusion: multiple pdfs with page group included in a single page
> <../Figures/modelfit/HXMM03_optical_bestfit.pdf

pdfTeX warning: pdflatex (file ../Figures/modelfit/HXMM03_optical_bestfit.pdf):
 PDF inclusion: multiple pdfs with page group included in a single page
> <../Figures/modelfit/HXMM03_model_bestfit.pdf

pdfTeX warning: pdflatex (file ../Figures/modelfit/HXMM03_model_bestfit.pdf): P
DF inclusion: multiple pdfs with page group included in a single page
> <../Figures/modelfit/HXMM03_residual_bestfit.pdf

pdfTeX warning: pdflatex (file ../Figures/modelfit/HXMM03_residual_bestfit.pdf)
: PDF inclusion: multiple pdfs with page group included in a single page
> <../Figures/modelfit/HXMM22_optical_bestfit.pdf

pdfTeX warning: pdflatex (file ../Figures/modelfit/HXMM22_optical_bestfit.pdf):
 PDF inclusion: multiple pdfs with page group included in a single page
> <../Figures/modelfit/HXMM22_model_bestfit.pdf

pdfTeX warning: pdflatex (file ../Figures/modelfit/HXMM22_model_bestfit.pdf): P
DF inclusion: multiple pdfs with page group included in a single page
> <../Figures/modelfit/HXMM22_residual_bestfit.pdf

pdfTeX warning: pdflatex (file ../Figures/modelfit/HXMM22_residual_bestfit.pdf)
: PDF inclusion: multiple pdfs with page group included in a single page
> <../Figures/modelfit/HXMM20_optical_bestfit.pdf

pdfTeX warning: pdflatex (file ../Figures/modelfit/HXMM20_optical_bestfit.pdf):
 PDF inclusion: multiple pdfs with page group included in a single page
> <../Figures/modelfit/HXMM20_model_bestfit.pdf

pdfTeX warning: pdflatex (file ../Figures/modelfit/HXMM20_model_bestfit.pdf): P
DF inclusion: multiple pdfs with page group included in a single page
> <../Figures/modelfit/HXMM20_residual_bestfit.pdf

pdfTeX warning: pdflatex (file ../Figures/modelfit/HXMM20_residual_bestfit.pdf)
: PDF inclusion: multiple pdfs with page group included in a single page
> <../Figures/modelfit/HXMM07_optical_bestfit.pdf

pdfTeX warning: pdflatex (file ../Figures/modelfit/HXMM07_optical_bestfit.pdf):
 PDF inclusion: multiple pdfs with page group included in a single page
> <../Figures/modelfit/HXMM07_model_bestfit.pdf

pdfTeX warning: pdflatex (file ../Figures/modelfit/HXMM07_model_bestfit.pdf): P
DF inclusion: multiple pdfs with page group included in a single page
> <../Figures/modelfit/HXMM07_residual_bestfit.pdf

pdfTeX warning: pdflatex (file ../Figures/modelfit/HXMM07_residual_bestfit.pdf)
: PDF inclusion: multiple pdfs with page group included in a single page
> <../Figures/modelfit/HXMM30_optical_bestfit.pdf

pdfTeX warning: pdflatex (file ../Figures/modelfit/HXMM30_optical_bestfit.pdf):
 PDF inclusion: multiple pdfs with page group included in a single page
> <../Figures/modelfit/HXMM30_model_bestfit.pdf

pdfTeX warning: pdflatex (file ../Figures/modelfit/HXMM30_model_bestfit.pdf): P
DF inclusion: multiple pdfs with page group included in a single page
> <../Figures/modelfit/HXMM30_residual_bestfit.pdf

pdfTeX warning: pdflatex (file ../Figures/modelfit/HXMM30_residual_bestfit.pdf)
: PDF inclusion: multiple pdfs with page group included in a single page
> <../Figures/modelfit/HXMM31_optical_bestfit.pdf

pdfTeX warning: pdflatex (file ../Figures/modelfit/HXMM31_optical_bestfit.pdf):
 PDF inclusion: multiple pdfs with page group included in a single page
> <../Figures/modelfit/HXMM31_model_bestfit.pdf

pdfTeX warning: pdflatex (file ../Figures/modelfit/HXMM31_model_bestfit.pdf): P
DF inclusion: multiple pdfs with page group included in a single page
> <../Figures/modelfit/HXMM31_residual_bestfit.pdf

pdfTeX warning: pdflatex (file ../Figures/modelfit/HXMM31_residual_bestfit.pdf)
: PDF inclusion: multiple pdfs with page group included in a single page
> <../Figures/modelfit/HXMM04_optical_bestfit.pdf

pdfTeX warning: pdflatex (file ../Figures/modelfit/HXMM04_optical_bestfit.pdf):
 PDF inclusion: multiple pdfs with page group included in a single page
> <../Figures/modelfit/HXMM04_model_bestfit.pdf

pdfTeX warning: pdflatex (file ../Figures/modelfit/HXMM04_model_bestfit.pdf): P
DF inclusion: multiple pdfs with page group included in a single page
> <../Figures/modelfit/HXMM04_residual_bestfit.pdf

pdfTeX warning: pdflatex (file ../Figures/modelfit/HXMM04_residual_bestfit.pdf)
: PDF inclusion: multiple pdfs with page group included in a single page
> <../Figures/modelfit/HXMM09_optical_bestfit.pdf

pdfTeX warning: pdflatex (file ../Figures/modelfit/HXMM09_optical_bestfit.pdf):
 PDF inclusion: multiple pdfs with page group included in a single page
> <../Figures/modelfit/HXMM09_model_bestfit.pdf

pdfTeX warning: pdflatex (file ../Figures/modelfit/HXMM09_model_bestfit.pdf): P
DF inclusion: multiple pdfs with page group included in a single page
> <../Figures/modelfit/HXMM09_residual_bestfit.pdf

pdfTeX warning: pdflatex (file ../Figures/modelfit/HXMM09_residual_bestfit.pdf)
: PDF inclusion: multiple pdfs with page group included in a single page
> <../Figures/modelfit/HXMM23_optical_bestfit.pdf

pdfTeX warning: pdflatex (file ../Figures/modelfit/HXMM23_optical_bestfit.pdf):
 PDF inclusion: multiple pdfs with page group included in a single page
> <../Figures/modelfit/HXMM23_model_bestfit.pdf

pdfTeX warning: pdflatex (file ../Figures/modelfit/HXMM23_model_bestfit.pdf): P
DF inclusion: multiple pdfs with page group included in a single page
> <../Figures/modelfit/HXMM23_residual_bestfit.pdf

pdfTeX warning: pdflatex (file ../Figures/modelfit/HXMM23_residual_bestfit.pdf)
: PDF inclusion: multiple pdfs with page group included in a single page
>]) <../Figures/HECDFS04_rgb.pdf, id=23581, 216.81pt x 216.81pt>
File: ../Figures/HECDFS04_rgb.pdf Graphic file (type pdf)

<use ../Figures/HECDFS04_rgb.pdf>
Package pdftex.def Info: ../Figures/HECDFS04_rgb.pdf used on input line 1058.
(pdftex.def)             Requested size: 100.06165pt x 100.06133pt.

<../Figures/HCOSMOS02_rgb.pdf, id=23582, 216.81pt x 216.81pt>
File: ../Figures/HCOSMOS02_rgb.pdf Graphic file (type pdf)

<use ../Figures/HCOSMOS02_rgb.pdf>
Package pdftex.def Info: ../Figures/HCOSMOS02_rgb.pdf used on input line 1059.
(pdftex.def)             Requested size: 100.06165pt x 100.06133pt.

<../Figures/HELAISS02_rgb.pdf, id=23583, 216.81pt x 216.81pt>
File: ../Figures/HELAISS02_rgb.pdf Graphic file (type pdf)

<use ../Figures/HELAISS02_rgb.pdf>
Package pdftex.def Info: ../Figures/HELAISS02_rgb.pdf used on input line 1060.
(pdftex.def)             Requested size: 100.06165pt x 100.06133pt.

<../Figures/HXMM11_rgb.pdf, id=23584, 216.81pt x 216.81pt>
File: ../Figures/HXMM11_rgb.pdf Graphic file (type pdf)

<use ../Figures/HXMM11_rgb.pdf>
Package pdftex.def Info: ../Figures/HXMM11_rgb.pdf used on input line 1061.
(pdftex.def)             Requested size: 100.06165pt x 100.06133pt.

<../Figures/HXMM20_rgb.pdf, id=23585, 216.81pt x 216.81pt>
File: ../Figures/HXMM20_rgb.pdf Graphic file (type pdf)

<use ../Figures/HXMM20_rgb.pdf>
Package pdftex.def Info: ../Figures/HXMM20_rgb.pdf used on input line 1062.
(pdftex.def)             Requested size: 100.06165pt x 100.06133pt.
 [14]
<../Figures/f870_delens.pdf, id=23589, 361.35pt x 325.215pt>
File: ../Figures/f870_delens.pdf Graphic file (type pdf)

<use ../Figures/f870_delens.pdf>
Package pdftex.def Info: ../Figures/f870_delens.pdf used on input line 1234.
(pdftex.def)             Requested size: 245.26653pt x 220.74132pt.
 [15 <../Figures/HECDFS04_rgb.pdf> <../Figures/HCOSMOS02_rgb.pdf

pdfTeX warning: pdflatex (file ../Figures/HCOSMOS02_rgb.pdf): PDF inclusion: mu
ltiple pdfs with page group included in a single page
> <../Figures/HELAISS02_rgb.pdf

pdfTeX warning: pdflatex (file ../Figures/HELAISS02_rgb.pdf): PDF inclusion: mu
ltiple pdfs with page group included in a single page
> <../Figures/HXMM11_rgb.pdf

pdfTeX warning: pdflatex (file ../Figures/HXMM11_rgb.pdf): PDF inclusion: multi
ple pdfs with page group included in a single page
> <../Figures/HXMM20_rgb.pdf

pdfTeX warning: pdflatex (file ../Figures/HXMM20_rgb.pdf): PDF inclusion: multi
ple pdfs with page group included in a single page
> <../Figures/f870_delens.pdf

pdfTeX warning: pdflatex (file ../Figures/f870_delens.pdf): PDF inclusion: mult
iple pdfs with page group included in a single page
>] <../Figures/fluxtotalcomponent.pdf, id=23785, 361.35pt x 325.215pt>
File: ../Figures/fluxtotalcomponent.pdf Graphic file (type pdf)

<use ../Figures/fluxtotalcomponent.pdf>
Package pdftex.def Info: ../Figures/fluxtotalcomponent.pdf used on input line 1
302.
(pdftex.def)             Requested size: 245.26653pt x 220.74132pt.

<../Figures/AllPositions.pdf, id=23786, 419.166pt x 325.215pt>
File: ../Figures/AllPositions.pdf Graphic file (type pdf)

<use ../Figures/AllPositions.pdf>
Package pdftex.def Info: ../Figures/AllPositions.pdf used on input line 1358.
(pdftex.def)             Requested size: 279.45184pt x 216.81pt.

<../Figures/dNdA.pdf, id=23787, 361.35pt x 325.215pt>
File: ../Figures/dNdA.pdf Graphic file (type pdf)

<use ../Figures/dNdA.pdf>
Package pdftex.def Info: ../Figures/dNdA.pdf used on input line 1359.
(pdftex.def)             Requested size: 240.90675pt x 216.81pt.

Overfull \hbox (9.13008pt too wide) in paragraph at lines 1358--1360
[][] [] 
 []

[16 <../Figures/fluxtotalcomponent.pdf>] [17 <../Figures/AllPositions.pdf> <../
Figures/dNdA.pdf

pdfTeX warning: pdflatex (file ../Figures/dNdA.pdf): PDF inclusion: multiple pd
fs with page group included in a single page
>] (./table_lf.tex) [18]
<../Figures/DifferentialNumberCounts.pdf, id=24420, 361.35pt x 325.215pt>
File: ../Figures/DifferentialNumberCounts.pdf Graphic file (type pdf)

<use ../Figures/DifferentialNumberCounts.pdf>
Package pdftex.def Info: ../Figures/DifferentialNumberCounts.pdf used on input 
line 1620.
(pdftex.def)             Requested size: 171.89778pt x 154.70699pt.

<../Figures/s870_mu.pdf, id=24421, 361.35pt x 325.215pt>
File: ../Figures/s870_mu.pdf Graphic file (type pdf)

<use ../Figures/s870_mu.pdf>
Package pdftex.def Info: ../Figures/s870_mu.pdf used on input line 1621.
(pdftex.def)             Requested size: 171.89778pt x 154.70699pt.

<../Figures/Pmu_S870.pdf, id=24422, 361.35pt x 325.215pt>
File: ../Figures/Pmu_S870.pdf Graphic file (type pdf)

<use ../Figures/Pmu_S870.pdf>
Package pdftex.def Info: ../Figures/Pmu_S870.pdf used on input line 1622.
(pdftex.def)             Requested size: 171.89778pt x 154.70699pt.

Overfull \hbox (6.35374pt too wide) in paragraph at lines 1620--1623
[][] [] [] 
 []

[19] [20 <../Figures/DifferentialNumberCounts.pdf> <../Figures/s870_mu.pdf

pdfTeX warning: pdflatex (file ../Figures/s870_mu.pdf): PDF inclusion: multiple
 pdfs with page group included in a single page
> <../Figures/Pmu_S870.pdf

pdfTeX warning: pdflatex (file ../Figures/Pmu_S870.pdf): PDF inclusion: multipl
e pdfs with page group included in a single page
>] (./ms.bbl [21]) [22] (./ms.aux) ) 
Here is how much of TeX's memory you used:
 5035 strings out of 493315
 86243 string characters out of 6137904
 213099 words of memory out of 5000000
 8280 multiletter control sequences out of 15000+600000
 13484 words of font info for 55 fonts, out of 8000000 for 9000
 957 hyphenation exceptions out of 8191
 39i,7n,29p,1530b,380s stack positions out of 5000i,500n,10000p,200000b,80000s
</usr/local/texlive/2013/texmf-dist/fonts/t
ype1/public/amsfonts/cm/cmbx10.pfb></usr/local/texlive/2013/texmf-dist/fonts/ty
pe1/public/amsfonts/cm/cmbx8.pfb></usr/local/texlive/2013/texmf-dist/fonts/type
1/public/amsfonts/cm/cmcsc10.pfb></usr/local/texlive/2013/texmf-dist/fonts/type
1/public/amsfonts/cm/cmex10.pfb></usr/local/texlive/2013/texmf-dist/fonts/type1
/public/amsfonts/cm/cmmi10.pfb></usr/local/texlive/2013/texmf-dist/fonts/type1/
public/amsfonts/cm/cmmi6.pfb></usr/local/texlive/2013/texmf-dist/fonts/type1/pu
blic/amsfonts/cm/cmmi7.pfb></usr/local/texlive/2013/texmf-dist/fonts/type1/publ
ic/amsfonts/cm/cmmi8.pfb></usr/local/texlive/2013/texmf-dist/fonts/type1/public
/amsfonts/cm/cmr10.pfb></usr/local/texlive/2013/texmf-dist/fonts/type1/public/a
msfonts/cm/cmr5.pfb></usr/local/texlive/2013/texmf-dist/fonts/type1/public/amsf
onts/cm/cmr6.pfb></usr/local/texlive/2013/texmf-dist/fonts/type1/public/amsfont
s/cm/cmr7.pfb></usr/local/texlive/2013/texmf-dist/fonts/type1/public/amsfonts/c
m/cmr8.pfb></usr/local/texlive/2013/texmf-dist/fonts/type1/public/amsfonts/cm/c
mr9.pfb></usr/local/texlive/2013/texmf-dist/fonts/type1/public/amsfonts/cm/cmsy
10.pfb></usr/local/texlive/2013/texmf-dist/fonts/type1/public/amsfonts/cm/cmsy6
.pfb></usr/local/texlive/2013/texmf-dist/fonts/type1/public/amsfonts/cm/cmsy7.p
fb></usr/local/texlive/2013/texmf-dist/fonts/type1/public/amsfonts/cm/cmsy8.pfb
></usr/local/texlive/2013/texmf-dist/fonts/type1/public/amsfonts/cm/cmti10.pfb>
</usr/local/texlive/2013/texmf-dist/fonts/type1/public/amsfonts/cm/cmti8.pfb></
usr/local/texlive/2013/texmf-dist/fonts/type1/public/amsfonts/symbols/msam10.pf
b>
Output written on ms.pdf (22 pages, 12158459 bytes).
PDF statistics:
 24905 PDF objects out of 26593 (max. 8388607)
 1011 compressed objects within 11 object streams
 0 named destinations out of 1000 (max. 500000)
 646 words of extra memory for PDF output out of 10000 (max. 10000000)

